Using pre-set license
Built from '2020.3/staging' branch; Version is '2020.3.11f1 (99c7afb366b3) revision 10078127'; Using compiler version '192528614'; Build Type 'Release'
OS: 'Windows 10 Home; OS build 19042.1237; Version 2009; 64bit' Language: 'en' Physical Memory: 6082 MB
BatchMode: 1, IsHumanControllingUs: 0, StartBugReporterOnCrash: 0, Is64bit: 1, IsPro: 0

 COMMAND LINE ARGUMENTS:
C:\Program Files\Unity\Hub\Editor\2020.3.11f1\Editor\Unity.exe
-adb2
-batchMode
-noUpm
-name
AssetImportWorker0
-projectPath
C:/Users/Renee/Documents/projects/unstable-nucleon-decay/unstable nucleon decay
-logFile
Logs/AssetImportWorker0.log
-srvPort
56064
Successfully changed project path to: C:/Users/Renee/Documents/projects/unstable-nucleon-decay/unstable nucleon decay
C:/Users/Renee/Documents/projects/unstable-nucleon-decay/unstable nucleon decay
Using Asset Import Pipeline V2.
Refreshing native plugins compatible for Editor in 65.52 ms, found 2 plugins.
Preloading 0 native plugins for Editor in 0.00 ms.
Initialize engine version: 2020.3.11f1 (99c7afb366b3)
[Subsystems] Discovering subsystems at path C:/Program Files/Unity/Hub/Editor/2020.3.11f1/Editor/Data/Resources/UnitySubsystems
[Subsystems] Discovering subsystems at path C:/Users/Renee/Documents/projects/unstable-nucleon-decay/unstable nucleon decay/Assets
GfxDevice: creating device client; threaded=0
Direct3D:
    Version:  Direct3D 11.0 [level 11.1]
    Renderer: AMD Radeon(TM) Vega 3 Graphics (ID=0x15d8)
    Vendor:   
    VRAM:     3041 MB
    Driver:   27.20.1028.1
Initialize mono
Mono path[0] = 'C:/Program Files/Unity/Hub/Editor/2020.3.11f1/Editor/Data/Managed'
Mono path[1] = 'C:/Program Files/Unity/Hub/Editor/2020.3.11f1/Editor/Data/MonoBleedingEdge/lib/mono/unityjit'
Mono config path = 'C:/Program Files/Unity/Hub/Editor/2020.3.11f1/Editor/Data/MonoBleedingEdge/etc'
Using monoOptions --debugger-agent=transport=dt_socket,embedding=1,server=y,suspend=n,address=127.0.0.1:56304
Begin MonoManager ReloadAssembly
Registering precompiled unity dll's ...
Register platform support module: C:/Program Files/Unity/Hub/Editor/2020.3.11f1/Editor/Data/PlaybackEngines/WebGLSupport/UnityEditor.WebGL.Extensions.dll
Register platform support module: C:/Program Files/Unity/Hub/Editor/2020.3.11f1/Editor/Data/PlaybackEngines/WindowsStandaloneSupport/UnityEditor.WindowsStandalone.Extensions.dll
Registered in 0.009451 seconds.
Native extension for WindowsStandalone target not found
Native extension for WebGL target not found
Refreshing native plugins compatible for Editor in 72.10 ms, found 2 plugins.
Preloading 0 native plugins for Editor in 0.00 ms.
Mono: successfully reloaded assembly
- Completed reload, in  7.250 seconds
Platform modules already initialized, skipping
Registering precompiled user dll's ...
Registered in 0.022243 seconds.
Begin MonoManager ReloadAssembly
Native extension for WindowsStandalone target not found
Native extension for WebGL target not found
Refreshing native plugins compatible for Editor in 0.69 ms, found 2 plugins.
Preloading 0 native plugins for Editor in 0.00 ms.
Mono: successfully reloaded assembly
- Completed reload, in  2.556 seconds
Platform modules already initialized, skipping
========================================================================
Worker process is ready to serve import requests
Launched and connected shader compiler UnityShaderCompiler.exe after 0.14 seconds
Refreshing native plugins compatible for Editor in 0.65 ms, found 2 plugins.
Preloading 0 native plugins for Editor in 0.00 ms.
Unloading 1387 Unused Serialized files (Serialized files now loaded: 0)
System memory in use before: 65.2 MB.
System memory in use after: 65.2 MB.

Unloading 19 unused Assets to reduce memory usage. Loaded Objects now: 1820.
Total: 4.199500 ms (FindLiveObjects: 0.469100 ms CreateObjectMapping: 0.071500 ms MarkObjects: 3.458300 ms  DeleteObjects: 0.198400 ms)

========================================================================
Received Import Request.
  path: Assets
  artifactKey: Guid(00000000000000001000000000000000) Importer(815301076,1909f56bfc062723c751e8b465ee728b)
Start importing Assets using Guid(00000000000000001000000000000000) Importer(815301076,1909f56bfc062723c751e8b465ee728b)  -> (artifact id: '42d402b061de3733987d63b9cc3b64de') in 0.033824 seconds
  Import took 0.040179 seconds .

========================================================================
Received Import Request.
  Time since last request: 5.863137 seconds.
  path: Assets/player mateiral.mat
  artifactKey: Guid(1c6cc4e62c6c8424ebed9d6214972ae2) Importer(815301076,1909f56bfc062723c751e8b465ee728b)
Start importing Assets/player mateiral.mat using Guid(1c6cc4e62c6c8424ebed9d6214972ae2) Importer(815301076,1909f56bfc062723c751e8b465ee728b)  -> (artifact id: 'c7852314a04a0f2fef97abe6e8260530') in 0.628841 seconds
  Import took 0.635209 seconds .

========================================================================
Received Prepare
Registering precompiled user dll's ...
Registered in 0.012714 seconds.
Begin MonoManager ReloadAssembly
Native extension for WindowsStandalone target not found
Native extension for WebGL target not found
Refreshing native plugins compatible for Editor in 0.71 ms, found 2 plugins.
Preloading 0 native plugins for Editor in 0.00 ms.
Mono: successfully reloaded assembly
- Completed reload, in  2.640 seconds
Platform modules already initialized, skipping
Refreshing native plugins compatible for Editor in 0.68 ms, found 2 plugins.
Preloading 0 native plugins for Editor in 0.00 ms.
Unloading 1382 Unused Serialized files (Serialized files now loaded: 0)
System memory in use before: 68.4 MB.
System memory in use after: 68.5 MB.

Unloading 14 unused Assets to reduce memory usage. Loaded Objects now: 1863.
Total: 4.856100 ms (FindLiveObjects: 0.372800 ms CreateObjectMapping: 0.058500 ms MarkObjects: 4.286400 ms  DeleteObjects: 0.135600 ms)

========================================================================
Received Prepare
Registering precompiled user dll's ...
Registered in 0.016034 seconds.
Begin MonoManager ReloadAssembly
Native extension for WindowsStandalone target not found
Native extension for WebGL target not found
Refreshing native plugins compatible for Editor in 0.69 ms, found 2 plugins.
Preloading 0 native plugins for Editor in 0.00 ms.
Mono: successfully reloaded assembly
- Completed reload, in  2.857 seconds
Platform modules already initialized, skipping
Refreshing native plugins compatible for Editor in 0.68 ms, found 2 plugins.
Preloading 0 native plugins for Editor in 0.00 ms.
Unloading 1382 Unused Serialized files (Serialized files now loaded: 0)
System memory in use before: 68.4 MB.
System memory in use after: 68.5 MB.

Unloading 14 unused Assets to reduce memory usage. Loaded Objects now: 1866.
Total: 13.034200 ms (FindLiveObjects: 0.662300 ms CreateObjectMapping: 0.089100 ms MarkObjects: 12.119800 ms  DeleteObjects: 0.157600 ms)

========================================================================
Received Prepare
Registering precompiled user dll's ...
Registered in 0.052979 seconds.
Begin MonoManager ReloadAssembly
Native extension for WindowsStandalone target not found
Native extension for WebGL target not found
Refreshing native plugins compatible for Editor in 0.79 ms, found 2 plugins.
Preloading 0 native plugins for Editor in 0.00 ms.
Mono: successfully reloaded assembly
- Completed reload, in  3.630 seconds
Platform modules already initialized, skipping
Refreshing native plugins compatible for Editor in 1.01 ms, found 2 plugins.
Preloading 0 native plugins for Editor in 0.00 ms.
Unloading 1382 Unused Serialized files (Serialized files now loaded: 0)
System memory in use before: 68.5 MB.
System memory in use after: 68.5 MB.

Unloading 14 unused Assets to reduce memory usage. Loaded Objects now: 1869.
Total: 7.744100 ms (FindLiveObjects: 0.596900 ms CreateObjectMapping: 0.087100 ms MarkObjects: 6.883600 ms  DeleteObjects: 0.171900 ms)

========================================================================
Received Prepare
Registering precompiled user dll's ...
Registered in 0.016650 seconds.
Begin MonoManager ReloadAssembly
Native extension for WindowsStandalone target not found
Native extension for WebGL target not found
Refreshing native plugins compatible for Editor in 1.17 ms, found 2 plugins.
Preloading 0 native plugins for Editor in 0.00 ms.
Mono: successfully reloaded assembly
- Completed reload, in  4.357 seconds
Platform modules already initialized, skipping
Refreshing native plugins compatible for Editor in 0.97 ms, found 2 plugins.
Preloading 0 native plugins for Editor in 0.00 ms.
Unloading 1382 Unused Serialized files (Serialized files now loaded: 0)
System memory in use before: 68.5 MB.
System memory in use after: 68.5 MB.

Unloading 14 unused Assets to reduce memory usage. Loaded Objects now: 1872.
Total: 6.373700 ms (FindLiveObjects: 0.492400 ms CreateObjectMapping: 0.075900 ms MarkObjects: 5.585400 ms  DeleteObjects: 0.215700 ms)

========================================================================
Received Prepare
Registering precompiled user dll's ...
Registered in 0.015140 seconds.
Begin MonoManager ReloadAssembly
Native extension for WindowsStandalone target not found
Native extension for WebGL target not found
Refreshing native plugins compatible for Editor in 1.47 ms, found 2 plugins.
Preloading 0 native plugins for Editor in 0.00 ms.
Mono: successfully reloaded assembly
- Completed reload, in  3.096 seconds
Platform modules already initialized, skipping
Refreshing native plugins compatible for Editor in 0.68 ms, found 2 plugins.
Preloading 0 native plugins for Editor in 0.00 ms.
Unloading 1382 Unused Serialized files (Serialized files now loaded: 0)
System memory in use before: 68.5 MB.
System memory in use after: 68.6 MB.

Unloading 14 unused Assets to reduce memory usage. Loaded Objects now: 1875.
Total: 62.922600 ms (FindLiveObjects: 0.696300 ms CreateObjectMapping: 0.257500 ms MarkObjects: 61.781900 ms  DeleteObjects: 0.182400 ms)

========================================================================
Received Prepare
Registering precompiled user dll's ...
Registered in 0.052789 seconds.
Begin MonoManager ReloadAssembly
Native extension for WindowsStandalone target not found
Native extension for WebGL target not found
Refreshing native plugins compatible for Editor in 1.26 ms, found 2 plugins.
Preloading 0 native plugins for Editor in 0.00 ms.
Mono: successfully reloaded assembly
- Completed reload, in  3.384 seconds
Platform modules already initialized, skipping
Refreshing native plugins compatible for Editor in 0.98 ms, found 2 plugins.
Preloading 0 native plugins for Editor in 0.00 ms.
Unloading 1382 Unused Serialized files (Serialized files now loaded: 0)
System memory in use before: 68.5 MB.
System memory in use after: 68.6 MB.

Unloading 14 unused Assets to reduce memory usage. Loaded Objects now: 1878.
Total: 8.215100 ms (FindLiveObjects: 0.639800 ms CreateObjectMapping: 0.145500 ms MarkObjects: 7.255900 ms  DeleteObjects: 0.170400 ms)

========================================================================
Received Prepare
Registering precompiled user dll's ...
Registered in 0.017326 seconds.
Begin MonoManager ReloadAssembly
Native extension for WindowsStandalone target not found
Native extension for WebGL target not found
Refreshing native plugins compatible for Editor in 0.82 ms, found 2 plugins.
Preloading 0 native plugins for Editor in 0.00 ms.
Mono: successfully reloaded assembly
- Completed reload, in  2.469 seconds
Platform modules already initialized, skipping
Refreshing native plugins compatible for Editor in 0.90 ms, found 2 plugins.
Preloading 0 native plugins for Editor in 0.00 ms.
Unloading 1382 Unused Serialized files (Serialized files now loaded: 0)
System memory in use before: 68.5 MB.
System memory in use after: 68.6 MB.

Unloading 14 unused Assets to reduce memory usage. Loaded Objects now: 1881.
Total: 6.846300 ms (FindLiveObjects: 0.497400 ms CreateObjectMapping: 0.072900 ms MarkObjects: 6.110800 ms  DeleteObjects: 0.160900 ms)

========================================================================
Received Prepare
Registering precompiled user dll's ...
Registered in 0.012560 seconds.
Begin MonoManager ReloadAssembly
Native extension for WindowsStandalone target not found
Native extension for WebGL target not found
Refreshing native plugins compatible for Editor in 1.19 ms, found 2 plugins.
Preloading 0 native plugins for Editor in 0.00 ms.
Mono: successfully reloaded assembly
- Completed reload, in  2.683 seconds
Platform modules already initialized, skipping
Refreshing native plugins compatible for Editor in 0.46 ms, found 2 plugins.
Preloading 0 native plugins for Editor in 0.00 ms.
Unloading 1382 Unused Serialized files (Serialized files now loaded: 0)
System memory in use before: 68.5 MB.
System memory in use after: 68.6 MB.

Unloading 14 unused Assets to reduce memory usage. Loaded Objects now: 1884.
Total: 3.330600 ms (FindLiveObjects: 0.245600 ms CreateObjectMapping: 0.042300 ms MarkObjects: 2.968100 ms  DeleteObjects: 0.073200 ms)

========================================================================
Received Prepare
Registering precompiled user dll's ...
Registered in 0.012354 seconds.
Begin MonoManager ReloadAssembly
Native extension for WindowsStandalone target not found
Native extension for WebGL target not found
Refreshing native plugins compatible for Editor in 0.46 ms, found 2 plugins.
Preloading 0 native plugins for Editor in 0.00 ms.
Mono: successfully reloaded assembly
- Completed reload, in  2.180 seconds
Platform modules already initialized, skipping
Refreshing native plugins compatible for Editor in 0.45 ms, found 2 plugins.
Preloading 0 native plugins for Editor in 0.00 ms.
Unloading 1382 Unused Serialized files (Serialized files now loaded: 0)
System memory in use before: 68.5 MB.
System memory in use after: 68.6 MB.

Unloading 14 unused Assets to reduce memory usage. Loaded Objects now: 1887.
Total: 4.810100 ms (FindLiveObjects: 0.306900 ms CreateObjectMapping: 0.089100 ms MarkObjects: 4.292600 ms  DeleteObjects: 0.118600 ms)

========================================================================
Received Prepare
Registering precompiled user dll's ...
Registered in 0.008004 seconds.
Begin MonoManager ReloadAssembly
Native extension for WindowsStandalone target not found
Native extension for WebGL target not found
Refreshing native plugins compatible for Editor in 1.06 ms, found 2 plugins.
Preloading 0 native plugins for Editor in 0.00 ms.
Mono: successfully reloaded assembly
- Completed reload, in  2.516 seconds
Platform modules already initialized, skipping
Refreshing native plugins compatible for Editor in 0.63 ms, found 2 plugins.
Preloading 0 native plugins for Editor in 0.00 ms.
Unloading 1382 Unused Serialized files (Serialized files now loaded: 0)
System memory in use before: 68.5 MB.
System memory in use after: 68.6 MB.

Unloading 14 unused Assets to reduce memory usage. Loaded Objects now: 1890.
Total: 4.547100 ms (FindLiveObjects: 0.438400 ms CreateObjectMapping: 0.118600 ms MarkObjects: 3.897400 ms  DeleteObjects: 0.090100 ms)

========================================================================
Received Prepare
Registering precompiled user dll's ...
Registered in 0.008396 seconds.
Begin MonoManager ReloadAssembly
Native extension for WindowsStandalone target not found
Native extension for WebGL target not found
Refreshing native plugins compatible for Editor in 0.61 ms, found 2 plugins.
Preloading 0 native plugins for Editor in 0.00 ms.
Mono: successfully reloaded assembly
- Completed reload, in  2.437 seconds
Platform modules already initialized, skipping
Refreshing native plugins compatible for Editor in 0.44 ms, found 2 plugins.
Preloading 0 native plugins for Editor in 0.00 ms.
Unloading 1382 Unused Serialized files (Serialized files now loaded: 0)
System memory in use before: 68.5 MB.
System memory in use after: 68.6 MB.

Unloading 14 unused Assets to reduce memory usage. Loaded Objects now: 1893.
Total: 4.894200 ms (FindLiveObjects: 0.311300 ms CreateObjectMapping: 0.091600 ms MarkObjects: 4.367600 ms  DeleteObjects: 0.120900 ms)

========================================================================
Received Prepare
Registering precompiled user dll's ...
Registered in 0.008235 seconds.
Begin MonoManager ReloadAssembly
Native extension for WindowsStandalone target not found
Native extension for WebGL target not found
Refreshing native plugins compatible for Editor in 0.58 ms, found 2 plugins.
Preloading 0 native plugins for Editor in 0.00 ms.
Mono: successfully reloaded assembly
- Completed reload, in  2.198 seconds
Platform modules already initialized, skipping
Refreshing native plugins compatible for Editor in 0.45 ms, found 2 plugins.
Preloading 0 native plugins for Editor in 0.00 ms.
Unloading 1382 Unused Serialized files (Serialized files now loaded: 0)
System memory in use before: 68.5 MB.
System memory in use after: 68.6 MB.

Unloading 14 unused Assets to reduce memory usage. Loaded Objects now: 1896.
Total: 4.530900 ms (FindLiveObjects: 1.288700 ms CreateObjectMapping: 0.315800 ms MarkObjects: 2.838700 ms  DeleteObjects: 0.085400 ms)

========================================================================
Received Prepare
Registering precompiled user dll's ...
Registered in 0.011207 seconds.
Begin MonoManager ReloadAssembly
Native extension for WindowsStandalone target not found
Native extension for WebGL target not found
Refreshing native plugins compatible for Editor in 0.75 ms, found 2 plugins.
Preloading 0 native plugins for Editor in 0.00 ms.
Mono: successfully reloaded assembly
- Completed reload, in  2.334 seconds
Platform modules already initialized, skipping
Refreshing native plugins compatible for Editor in 0.48 ms, found 2 plugins.
Preloading 0 native plugins for Editor in 0.00 ms.
Unloading 1382 Unused Serialized files (Serialized files now loaded: 0)
System memory in use before: 68.5 MB.
System memory in use after: 68.6 MB.

Unloading 14 unused Assets to reduce memory usage. Loaded Objects now: 1899.
Total: 3.926000 ms (FindLiveObjects: 0.256900 ms CreateObjectMapping: 0.053000 ms MarkObjects: 3.531400 ms  DeleteObjects: 0.082200 ms)

========================================================================
Received Prepare
Registering precompiled user dll's ...
Registered in 0.008574 seconds.
Begin MonoManager ReloadAssembly
Native extension for WindowsStandalone target not found
Native extension for WebGL target not found
Refreshing native plugins compatible for Editor in 0.45 ms, found 2 plugins.
Preloading 0 native plugins for Editor in 0.00 ms.
Mono: successfully reloaded assembly
- Completed reload, in  2.057 seconds
Platform modules already initialized, skipping
Refreshing native plugins compatible for Editor in 0.54 ms, found 2 plugins.
Preloading 0 native plugins for Editor in 0.00 ms.
Unloading 1382 Unused Serialized files (Serialized files now loaded: 0)
System memory in use before: 68.5 MB.
System memory in use after: 68.6 MB.

Unloading 14 unused Assets to reduce memory usage. Loaded Objects now: 1902.
Total: 3.231300 ms (FindLiveObjects: 0.483500 ms CreateObjectMapping: 0.073400 ms MarkObjects: 2.575300 ms  DeleteObjects: 0.097300 ms)

========================================================================
Received Prepare
Registering precompiled user dll's ...
Registered in 0.008076 seconds.
Begin MonoManager ReloadAssembly
Native extension for WindowsStandalone target not found
Native extension for WebGL target not found
Refreshing native plugins compatible for Editor in 0.46 ms, found 2 plugins.
Preloading 0 native plugins for Editor in 0.00 ms.
Mono: successfully reloaded assembly
- Completed reload, in  1.968 seconds
Platform modules already initialized, skipping
Refreshing native plugins compatible for Editor in 0.44 ms, found 2 plugins.
Preloading 0 native plugins for Editor in 0.00 ms.
Unloading 1382 Unused Serialized files (Serialized files now loaded: 0)
System memory in use before: 68.5 MB.
System memory in use after: 68.6 MB.

Unloading 14 unused Assets to reduce memory usage. Loaded Objects now: 1905.
Total: 2.904200 ms (FindLiveObjects: 0.222500 ms CreateObjectMapping: 0.052400 ms MarkObjects: 2.543700 ms  DeleteObjects: 0.083800 ms)

========================================================================
Received Prepare
Registering precompiled user dll's ...
Registered in 0.008287 seconds.
Begin MonoManager ReloadAssembly
Native extension for WindowsStandalone target not found
Native extension for WebGL target not found
Refreshing native plugins compatible for Editor in 0.80 ms, found 2 plugins.
Preloading 0 native plugins for Editor in 0.00 ms.
Mono: successfully reloaded assembly
- Completed reload, in  2.404 seconds
Platform modules already initialized, skipping
Refreshing native plugins compatible for Editor in 0.70 ms, found 2 plugins.
Preloading 0 native plugins for Editor in 0.00 ms.
Unloading 1382 Unused Serialized files (Serialized files now loaded: 0)
System memory in use before: 68.5 MB.
System memory in use after: 68.6 MB.

Unloading 14 unused Assets to reduce memory usage. Loaded Objects now: 1908.
Total: 4.013400 ms (FindLiveObjects: 0.386000 ms CreateObjectMapping: 0.106300 ms MarkObjects: 3.209800 ms  DeleteObjects: 0.308100 ms)

========================================================================
Received Prepare
Registering precompiled user dll's ...
Registered in 0.009827 seconds.
Begin MonoManager ReloadAssembly
Native extension for WindowsStandalone target not found
Native extension for WebGL target not found
Refreshing native plugins compatible for Editor in 0.45 ms, found 2 plugins.
Preloading 0 native plugins for Editor in 0.00 ms.
Mono: successfully reloaded assembly
- Completed reload, in  2.257 seconds
Platform modules already initialized, skipping
Refreshing native plugins compatible for Editor in 0.45 ms, found 2 plugins.
Preloading 0 native plugins for Editor in 0.00 ms.
Unloading 1382 Unused Serialized files (Serialized files now loaded: 0)
System memory in use before: 68.5 MB.
System memory in use after: 68.6 MB.

Unloading 14 unused Assets to reduce memory usage. Loaded Objects now: 1911.
Total: 2.980800 ms (FindLiveObjects: 0.222900 ms CreateObjectMapping: 0.052700 ms MarkObjects: 2.618200 ms  DeleteObjects: 0.084900 ms)

========================================================================
Received Prepare
Registering precompiled user dll's ...
Registered in 0.007829 seconds.
Begin MonoManager ReloadAssembly
Native extension for WindowsStandalone target not found
Native extension for WebGL target not found
Refreshing native plugins compatible for Editor in 0.77 ms, found 2 plugins.
Preloading 0 native plugins for Editor in 0.00 ms.
Mono: successfully reloaded assembly
- Completed reload, in  2.333 seconds
Platform modules already initialized, skipping
Refreshing native plugins compatible for Editor in 0.85 ms, found 2 plugins.
Preloading 0 native plugins for Editor in 0.00 ms.
Unloading 1382 Unused Serialized files (Serialized files now loaded: 0)
System memory in use before: 68.6 MB.
System memory in use after: 68.6 MB.

Unloading 14 unused Assets to reduce memory usage. Loaded Objects now: 1914.
Total: 3.210200 ms (FindLiveObjects: 0.227500 ms CreateObjectMapping: 0.048800 ms MarkObjects: 2.807000 ms  DeleteObjects: 0.124200 ms)

========================================================================
Received Prepare
Registering precompiled user dll's ...
Registered in 0.009742 seconds.
Begin MonoManager ReloadAssembly
Native extension for WindowsStandalone target not found
Native extension for WebGL target not found
Refreshing native plugins compatible for Editor in 0.58 ms, found 2 plugins.
Preloading 0 native plugins for Editor in 0.00 ms.
Mono: successfully reloaded assembly
- Completed reload, in  2.522 seconds
Platform modules already initialized, skipping
Refreshing native plugins compatible for Editor in 0.45 ms, found 2 plugins.
Preloading 0 native plugins for Editor in 0.00 ms.
Unloading 1382 Unused Serialized files (Serialized files now loaded: 0)
System memory in use before: 68.6 MB.
System memory in use after: 68.6 MB.

Unloading 14 unused Assets to reduce memory usage. Loaded Objects now: 1917.
Total: 4.774000 ms (FindLiveObjects: 0.321100 ms CreateObjectMapping: 0.068100 ms MarkObjects: 4.238100 ms  DeleteObjects: 0.144300 ms)

========================================================================
Received Prepare
Registering precompiled user dll's ...
Registered in 0.010894 seconds.
Begin MonoManager ReloadAssembly
Native extension for WindowsStandalone target not found
Native extension for WebGL target not found
Refreshing native plugins compatible for Editor in 0.89 ms, found 2 plugins.
Preloading 0 native plugins for Editor in 0.00 ms.
Mono: successfully reloaded assembly
- Completed reload, in  2.318 seconds
Platform modules already initialized, skipping
Refreshing native plugins compatible for Editor in 0.60 ms, found 2 plugins.
Preloading 0 native plugins for Editor in 0.00 ms.
Unloading 1382 Unused Serialized files (Serialized files now loaded: 0)
System memory in use before: 68.6 MB.
System memory in use after: 68.6 MB.

Unloading 14 unused Assets to reduce memory usage. Loaded Objects now: 1920.
Total: 3.901500 ms (FindLiveObjects: 0.283000 ms CreateObjectMapping: 0.065100 ms MarkObjects: 3.470500 ms  DeleteObjects: 0.080700 ms)

========================================================================
Received Prepare
Registering precompiled user dll's ...
Registered in 0.011376 seconds.
Begin MonoManager ReloadAssembly
Native extension for WindowsStandalone target not found
Native extension for WebGL target not found
Refreshing native plugins compatible for Editor in 1.03 ms, found 2 plugins.
Preloading 0 native plugins for Editor in 0.00 ms.
Mono: successfully reloaded assembly
- Completed reload, in  2.252 seconds
Platform modules already initialized, skipping
Refreshing native plugins compatible for Editor in 0.57 ms, found 2 plugins.
Preloading 0 native plugins for Editor in 0.00 ms.
Unloading 1382 Unused Serialized files (Serialized files now loaded: 0)
System memory in use before: 68.6 MB.
System memory in use after: 68.6 MB.

Unloading 14 unused Assets to reduce memory usage. Loaded Objects now: 1923.
Total: 4.364200 ms (FindLiveObjects: 0.301500 ms CreateObjectMapping: 0.061300 ms MarkObjects: 3.890100 ms  DeleteObjects: 0.109100 ms)

========================================================================
Received Prepare
Registering precompiled user dll's ...
Registered in 0.007225 seconds.
Begin MonoManager ReloadAssembly
Native extension for WindowsStandalone target not found
Native extension for WebGL target not found
Refreshing native plugins compatible for Editor in 0.46 ms, found 2 plugins.
Preloading 0 native plugins for Editor in 0.00 ms.
Mono: successfully reloaded assembly
- Completed reload, in  2.064 seconds
Platform modules already initialized, skipping
Refreshing native plugins compatible for Editor in 0.45 ms, found 2 plugins.
Preloading 0 native plugins for Editor in 0.00 ms.
Unloading 1382 Unused Serialized files (Serialized files now loaded: 0)
System memory in use before: 68.6 MB.
System memory in use after: 68.7 MB.

Unloading 14 unused Assets to reduce memory usage. Loaded Objects now: 1926.
Total: 5.542500 ms (FindLiveObjects: 0.364900 ms CreateObjectMapping: 0.117300 ms MarkObjects: 4.971200 ms  DeleteObjects: 0.086700 ms)

========================================================================
Received Prepare
Registering precompiled user dll's ...
Registered in 0.008349 seconds.
Begin MonoManager ReloadAssembly
Native extension for WindowsStandalone target not found
Native extension for WebGL target not found
Refreshing native plugins compatible for Editor in 0.52 ms, found 2 plugins.
Preloading 0 native plugins for Editor in 0.00 ms.
Mono: successfully reloaded assembly
- Completed reload, in  2.118 seconds
Platform modules already initialized, skipping
Refreshing native plugins compatible for Editor in 0.61 ms, found 2 plugins.
Preloading 0 native plugins for Editor in 0.00 ms.
Unloading 1382 Unused Serialized files (Serialized files now loaded: 0)
System memory in use before: 68.6 MB.
System memory in use after: 68.7 MB.

Unloading 14 unused Assets to reduce memory usage. Loaded Objects now: 1929.
Total: 3.941400 ms (FindLiveObjects: 0.371900 ms CreateObjectMapping: 0.085800 ms MarkObjects: 3.390000 ms  DeleteObjects: 0.090500 ms)

