Using pre-set license
Built from '2020.3/staging' branch; Version is '2020.3.11f1 (99c7afb366b3) revision 10078127'; Using compiler version '192528614'; Build Type 'Release'
OS: 'Windows 10 Home; OS build 19042.1237; Version 2009; 64bit' Language: 'en' Physical Memory: 6082 MB
BatchMode: 1, IsHumanControllingUs: 0, StartBugReporterOnCrash: 0, Is64bit: 1, IsPro: 0

 COMMAND LINE ARGUMENTS:
C:\Program Files\Unity\Hub\Editor\2020.3.11f1\Editor\Unity.exe
-adb2
-batchMode
-noUpm
-name
AssetImportWorker0
-projectPath
C:/Users/Renee/Documents/projects/unstable-nucleon-decay/unstable nucleon decay
-logFile
Logs/AssetImportWorker0.log
-srvPort
61326
Successfully changed project path to: C:/Users/Renee/Documents/projects/unstable-nucleon-decay/unstable nucleon decay
C:/Users/Renee/Documents/projects/unstable-nucleon-decay/unstable nucleon decay
Using Asset Import Pipeline V2.
Refreshing native plugins compatible for Editor in 80.61 ms, found 2 plugins.
Preloading 0 native plugins for Editor in 0.00 ms.
Initialize engine version: 2020.3.11f1 (99c7afb366b3)
[Subsystems] Discovering subsystems at path C:/Program Files/Unity/Hub/Editor/2020.3.11f1/Editor/Data/Resources/UnitySubsystems
[Subsystems] Discovering subsystems at path C:/Users/Renee/Documents/projects/unstable-nucleon-decay/unstable nucleon decay/Assets
GfxDevice: creating device client; threaded=0
Direct3D:
    Version:  Direct3D 11.0 [level 11.1]
    Renderer: AMD Radeon(TM) Vega 3 Graphics (ID=0x15d8)
    Vendor:   
    VRAM:     3041 MB
    Driver:   27.20.1028.1
Initialize mono
Mono path[0] = 'C:/Program Files/Unity/Hub/Editor/2020.3.11f1/Editor/Data/Managed'
Mono path[1] = 'C:/Program Files/Unity/Hub/Editor/2020.3.11f1/Editor/Data/MonoBleedingEdge/lib/mono/unityjit'
Mono config path = 'C:/Program Files/Unity/Hub/Editor/2020.3.11f1/Editor/Data/MonoBleedingEdge/etc'
Using monoOptions --debugger-agent=transport=dt_socket,embedding=1,server=y,suspend=n,address=127.0.0.1:56832
Begin MonoManager ReloadAssembly
Registering precompiled unity dll's ...
Register platform support module: C:/Program Files/Unity/Hub/Editor/2020.3.11f1/Editor/Data/PlaybackEngines/WebGLSupport/UnityEditor.WebGL.Extensions.dll
Register platform support module: C:/Program Files/Unity/Hub/Editor/2020.3.11f1/Editor/Data/PlaybackEngines/WindowsStandaloneSupport/UnityEditor.WindowsStandalone.Extensions.dll
Registered in 0.005342 seconds.
Native extension for WindowsStandalone target not found
Native extension for WebGL target not found
Refreshing native plugins compatible for Editor in 153.29 ms, found 2 plugins.
Preloading 0 native plugins for Editor in 0.00 ms.
Mono: successfully reloaded assembly
- Completed reload, in  5.746 seconds
Platform modules already initialized, skipping
Registering precompiled user dll's ...
Registered in 0.142158 seconds.
Begin MonoManager ReloadAssembly
Native extension for WindowsStandalone target not found
Native extension for WebGL target not found
Refreshing native plugins compatible for Editor in 0.40 ms, found 2 plugins.
Preloading 0 native plugins for Editor in 0.00 ms.
Mono: successfully reloaded assembly
- Completed reload, in  1.731 seconds
Platform modules already initialized, skipping
========================================================================
Worker process is ready to serve import requests
Launched and connected shader compiler UnityShaderCompiler.exe after 0.22 seconds
Refreshing native plugins compatible for Editor in 0.63 ms, found 2 plugins.
Preloading 0 native plugins for Editor in 0.00 ms.
Unloading 1389 Unused Serialized files (Serialized files now loaded: 0)
System memory in use before: 65.3 MB.
System memory in use after: 65.4 MB.

Unloading 19 unused Assets to reduce memory usage. Loaded Objects now: 1822.
Total: 4.591400 ms (FindLiveObjects: 0.303300 ms CreateObjectMapping: 0.063700 ms MarkObjects: 3.687300 ms  DeleteObjects: 0.533500 ms)

========================================================================
Received Import Request.
  path: Assets/player mateiral.mat
  artifactKey: Guid(1c6cc4e62c6c8424ebed9d6214972ae2) Importer(815301076,1909f56bfc062723c751e8b465ee728b)
Start importing Assets/player mateiral.mat using Guid(1c6cc4e62c6c8424ebed9d6214972ae2) Importer(815301076,1909f56bfc062723c751e8b465ee728b)  -> (artifact id: '742a87148aa0fbedaee3f34269e759a0') in 0.491702 seconds
  Import took 0.497646 seconds .

========================================================================
Received Prepare
Refreshing native plugins compatible for Editor in 5.73 ms, found 2 plugins.
Preloading 0 native plugins for Editor in 0.00 ms.
Unloading 12 Unused Serialized files (Serialized files now loaded: 0)
System memory in use before: 41.0 MB.
System memory in use after: 41.1 MB.

Unloading 12 unused Assets to reduce memory usage. Loaded Objects now: 1862.
Total: 18.299700 ms (FindLiveObjects: 0.261300 ms CreateObjectMapping: 0.060000 ms MarkObjects: 17.889300 ms  DeleteObjects: 0.087100 ms)

========================================================================
Received Prepare
Registering precompiled user dll's ...
Registered in 0.011135 seconds.
Begin MonoManager ReloadAssembly
Native extension for WindowsStandalone target not found
Native extension for WebGL target not found
Refreshing native plugins compatible for Editor in 0.37 ms, found 2 plugins.
Preloading 0 native plugins for Editor in 0.00 ms.
Mono: successfully reloaded assembly
- Completed reload, in  1.664 seconds
Platform modules already initialized, skipping
Refreshing native plugins compatible for Editor in 0.43 ms, found 2 plugins.
Preloading 0 native plugins for Editor in 0.00 ms.
Unloading 1384 Unused Serialized files (Serialized files now loaded: 0)
System memory in use before: 68.6 MB.
System memory in use after: 68.7 MB.

Unloading 14 unused Assets to reduce memory usage. Loaded Objects now: 1865.
Total: 2.694900 ms (FindLiveObjects: 0.197600 ms CreateObjectMapping: 0.046900 ms MarkObjects: 2.377900 ms  DeleteObjects: 0.070800 ms)

========================================================================
Received Prepare
Registering precompiled user dll's ...
Registered in 0.007202 seconds.
Begin MonoManager ReloadAssembly
Native extension for WindowsStandalone target not found
Native extension for WebGL target not found
Refreshing native plugins compatible for Editor in 0.49 ms, found 2 plugins.
Preloading 0 native plugins for Editor in 0.00 ms.
Mono: successfully reloaded assembly
- Completed reload, in  1.414 seconds
Platform modules already initialized, skipping
Refreshing native plugins compatible for Editor in 0.41 ms, found 2 plugins.
Preloading 0 native plugins for Editor in 0.00 ms.
Unloading 1384 Unused Serialized files (Serialized files now loaded: 0)
System memory in use before: 68.6 MB.
System memory in use after: 68.7 MB.

Unloading 14 unused Assets to reduce memory usage. Loaded Objects now: 1868.
Total: 2.395400 ms (FindLiveObjects: 0.282900 ms CreateObjectMapping: 0.042700 ms MarkObjects: 1.998400 ms  DeleteObjects: 0.070300 ms)

========================================================================
Received Prepare
Refreshing native plugins compatible for Editor in 5.31 ms, found 2 plugins.
Preloading 0 native plugins for Editor in 0.00 ms.
Unloading 12 Unused Serialized files (Serialized files now loaded: 0)
System memory in use before: 41.0 MB.
System memory in use after: 41.1 MB.

Unloading 12 unused Assets to reduce memory usage. Loaded Objects now: 1868.
Total: 3.129500 ms (FindLiveObjects: 0.252100 ms CreateObjectMapping: 0.056200 ms MarkObjects: 2.738000 ms  DeleteObjects: 0.081600 ms)

========================================================================
Received Prepare
Registering precompiled user dll's ...
Registered in 0.008509 seconds.
Begin MonoManager ReloadAssembly
Native extension for WindowsStandalone target not found
Native extension for WebGL target not found
Refreshing native plugins compatible for Editor in 0.42 ms, found 2 plugins.
Preloading 0 native plugins for Editor in 0.00 ms.
Mono: successfully reloaded assembly
- Completed reload, in  1.481 seconds
Platform modules already initialized, skipping
Refreshing native plugins compatible for Editor in 0.63 ms, found 2 plugins.
Preloading 0 native plugins for Editor in 0.00 ms.
Unloading 1384 Unused Serialized files (Serialized files now loaded: 0)
System memory in use before: 68.7 MB.
System memory in use after: 68.8 MB.

Unloading 14 unused Assets to reduce memory usage. Loaded Objects now: 1871.
Total: 5.240900 ms (FindLiveObjects: 0.403500 ms CreateObjectMapping: 0.181500 ms MarkObjects: 4.551500 ms  DeleteObjects: 0.102000 ms)

========================================================================
Received Import Request.
  Time since last request: 627.391956 seconds.
  path: Assets/alpha particle.mat
  artifactKey: Guid(702cef7957fa45b4790df857ae40758b) Importer(815301076,1909f56bfc062723c751e8b465ee728b)
Start importing Assets/alpha particle.mat using Guid(702cef7957fa45b4790df857ae40758b) Importer(815301076,1909f56bfc062723c751e8b465ee728b)  -> (artifact id: 'b057aa1858b073624491d2234812de9a') in 0.100888 seconds
  Import took 0.104576 seconds .

========================================================================
Received Import Request.
  Time since last request: 60.196902 seconds.
  path: ProjectSettings/TagManager.asset
  artifactKey: Guid(00000000000000003000000000000000) Importer(815301076,1909f56bfc062723c751e8b465ee728b)
Start importing ProjectSettings/TagManager.asset using Guid(00000000000000003000000000000000) Importer(815301076,1909f56bfc062723c751e8b465ee728b)  -> (artifact id: 'ce6a35c3cddc746e7501c0bd0ed6d4ce') in 0.021768 seconds
  Import took 0.026265 seconds .

========================================================================
Received Prepare
Registering precompiled user dll's ...
Registered in 0.013244 seconds.
Begin MonoManager ReloadAssembly
Native extension for WindowsStandalone target not found
Native extension for WebGL target not found
Refreshing native plugins compatible for Editor in 0.63 ms, found 2 plugins.
Preloading 0 native plugins for Editor in 0.00 ms.
Mono: successfully reloaded assembly
- Completed reload, in  2.194 seconds
Platform modules already initialized, skipping
Refreshing native plugins compatible for Editor in 0.54 ms, found 2 plugins.
Preloading 0 native plugins for Editor in 0.00 ms.
Unloading 1384 Unused Serialized files (Serialized files now loaded: 0)
System memory in use before: 68.8 MB.
System memory in use after: 68.8 MB.

Unloading 15 unused Assets to reduce memory usage. Loaded Objects now: 1875.
Total: 3.233000 ms (FindLiveObjects: 0.259200 ms CreateObjectMapping: 0.049600 ms MarkObjects: 2.835500 ms  DeleteObjects: 0.087200 ms)

========================================================================
Received Prepare
Registering precompiled user dll's ...
Registered in 0.016599 seconds.
Begin MonoManager ReloadAssembly
Native extension for WindowsStandalone target not found
Native extension for WebGL target not found
Refreshing native plugins compatible for Editor in 0.53 ms, found 2 plugins.
Preloading 0 native plugins for Editor in 0.00 ms.
Mono: successfully reloaded assembly
- Completed reload, in  2.188 seconds
Platform modules already initialized, skipping
Refreshing native plugins compatible for Editor in 0.48 ms, found 2 plugins.
Preloading 0 native plugins for Editor in 0.00 ms.
Unloading 1385 Unused Serialized files (Serialized files now loaded: 0)
System memory in use before: 68.8 MB.
System memory in use after: 68.9 MB.

Unloading 14 unused Assets to reduce memory usage. Loaded Objects now: 1879.
Total: 7.141600 ms (FindLiveObjects: 0.292100 ms CreateObjectMapping: 0.061700 ms MarkObjects: 6.571800 ms  DeleteObjects: 0.211900 ms)

========================================================================
Received Prepare
Registering precompiled user dll's ...
Registered in 0.010172 seconds.
Begin MonoManager ReloadAssembly
Native extension for WindowsStandalone target not found
Native extension for WebGL target not found
Refreshing native plugins compatible for Editor in 0.64 ms, found 2 plugins.
Preloading 0 native plugins for Editor in 0.00 ms.
Mono: successfully reloaded assembly
- Completed reload, in  1.955 seconds
Platform modules already initialized, skipping
Refreshing native plugins compatible for Editor in 0.53 ms, found 2 plugins.
Preloading 0 native plugins for Editor in 0.00 ms.
Unloading 1385 Unused Serialized files (Serialized files now loaded: 0)
System memory in use before: 68.8 MB.
System memory in use after: 68.9 MB.

Unloading 14 unused Assets to reduce memory usage. Loaded Objects now: 1882.
Total: 3.344900 ms (FindLiveObjects: 0.273800 ms CreateObjectMapping: 0.060500 ms MarkObjects: 2.929900 ms  DeleteObjects: 0.078800 ms)

========================================================================
Received Prepare
Registering precompiled user dll's ...
Registered in 0.006574 seconds.
Begin MonoManager ReloadAssembly
Native extension for WindowsStandalone target not found
Native extension for WebGL target not found
Refreshing native plugins compatible for Editor in 0.38 ms, found 2 plugins.
Preloading 0 native plugins for Editor in 0.00 ms.
Mono: successfully reloaded assembly
- Completed reload, in  1.842 seconds
Platform modules already initialized, skipping
Refreshing native plugins compatible for Editor in 0.39 ms, found 2 plugins.
Preloading 0 native plugins for Editor in 0.00 ms.
Unloading 1385 Unused Serialized files (Serialized files now loaded: 0)
System memory in use before: 68.8 MB.
System memory in use after: 68.9 MB.

Unloading 14 unused Assets to reduce memory usage. Loaded Objects now: 1885.
Total: 5.302900 ms (FindLiveObjects: 0.375400 ms CreateObjectMapping: 0.096800 ms MarkObjects: 4.733200 ms  DeleteObjects: 0.093900 ms)

========================================================================
Received Import Request.
  Time since last request: 2490.725959 seconds.
  path: Assets/Alpha particle.prefab
  artifactKey: Guid(84e487e9a9fa1f043b559e88aa704ccd) Importer(815301076,1909f56bfc062723c751e8b465ee728b)
Start importing Assets/Alpha particle.prefab using Guid(84e487e9a9fa1f043b559e88aa704ccd) Importer(815301076,1909f56bfc062723c751e8b465ee728b)  -> (artifact id: '2f0f3c37800ad0c953dc5eb7341b207e') in 0.149974 seconds
  Import took 0.154441 seconds .

========================================================================
Received Prepare
Registering precompiled user dll's ...
Registered in 0.006301 seconds.
Begin MonoManager ReloadAssembly
Native extension for WindowsStandalone target not found
Native extension for WebGL target not found
Refreshing native plugins compatible for Editor in 0.51 ms, found 2 plugins.
Preloading 0 native plugins for Editor in 0.00 ms.
Mono: successfully reloaded assembly
- Completed reload, in  1.676 seconds
Platform modules already initialized, skipping
Refreshing native plugins compatible for Editor in 0.42 ms, found 2 plugins.
Preloading 0 native plugins for Editor in 0.00 ms.
Unloading 1385 Unused Serialized files (Serialized files now loaded: 0)
System memory in use before: 68.8 MB.
System memory in use after: 68.9 MB.

Unloading 14 unused Assets to reduce memory usage. Loaded Objects now: 1890.
Total: 3.868800 ms (FindLiveObjects: 0.288700 ms CreateObjectMapping: 0.061000 ms MarkObjects: 3.421200 ms  DeleteObjects: 0.095500 ms)

========================================================================
Received Prepare
Registering precompiled user dll's ...
Registered in 0.008463 seconds.
Begin MonoManager ReloadAssembly
Native extension for WindowsStandalone target not found
Native extension for WebGL target not found
Refreshing native plugins compatible for Editor in 0.75 ms, found 2 plugins.
Preloading 0 native plugins for Editor in 0.00 ms.
Mono: successfully reloaded assembly
- Completed reload, in  2.540 seconds
Platform modules already initialized, skipping
Refreshing native plugins compatible for Editor in 1.14 ms, found 2 plugins.
Preloading 0 native plugins for Editor in 0.00 ms.
Unloading 1385 Unused Serialized files (Serialized files now loaded: 0)
System memory in use before: 68.8 MB.
System memory in use after: 68.9 MB.

Unloading 14 unused Assets to reduce memory usage. Loaded Objects now: 1893.
Total: 4.997700 ms (FindLiveObjects: 0.498400 ms CreateObjectMapping: 0.170200 ms MarkObjects: 4.111300 ms  DeleteObjects: 0.214800 ms)

========================================================================
Received Import Request.
  Time since last request: 146.869043 seconds.
  path: Assets/Alpha particle.prefab
  artifactKey: Guid(84e487e9a9fa1f043b559e88aa704ccd) Importer(815301076,1909f56bfc062723c751e8b465ee728b)
Start importing Assets/Alpha particle.prefab using Guid(84e487e9a9fa1f043b559e88aa704ccd) Importer(815301076,1909f56bfc062723c751e8b465ee728b)  -> (artifact id: 'c4e6a655b363f120540d12bb1522f4be') in 0.120359 seconds
  Import took 0.128830 seconds .

========================================================================
Received Prepare
Registering precompiled user dll's ...
Registered in 0.006863 seconds.
Begin MonoManager ReloadAssembly
Native extension for WindowsStandalone target not found
Native extension for WebGL target not found
Refreshing native plugins compatible for Editor in 0.60 ms, found 2 plugins.
Preloading 0 native plugins for Editor in 0.00 ms.
Mono: successfully reloaded assembly
- Completed reload, in  2.624 seconds
Platform modules already initialized, skipping
Refreshing native plugins compatible for Editor in 6.51 ms, found 2 plugins.
Preloading 0 native plugins for Editor in 0.00 ms.
Unloading 1385 Unused Serialized files (Serialized files now loaded: 0)
System memory in use before: 68.8 MB.
System memory in use after: 68.9 MB.

Unloading 14 unused Assets to reduce memory usage. Loaded Objects now: 1897.
Total: 5.523600 ms (FindLiveObjects: 0.370900 ms CreateObjectMapping: 0.110500 ms MarkObjects: 4.893000 ms  DeleteObjects: 0.146000 ms)

========================================================================
Received Import Request.
  Time since last request: 55.703128 seconds.
  path: Assets/Alpha particle.prefab
  artifactKey: Guid(84e487e9a9fa1f043b559e88aa704ccd) Importer(815301076,1909f56bfc062723c751e8b465ee728b)
Start importing Assets/Alpha particle.prefab using Guid(84e487e9a9fa1f043b559e88aa704ccd) Importer(815301076,1909f56bfc062723c751e8b465ee728b)  -> (artifact id: 'e5f01c80764ae8847481472330c4e818') in 0.135954 seconds
  Import took 0.141088 seconds .

========================================================================
Received Import Request.
  Time since last request: 11.514422 seconds.
  path: Assets/Alpha particle.prefab
  artifactKey: Guid(84e487e9a9fa1f043b559e88aa704ccd) Importer(815301076,1909f56bfc062723c751e8b465ee728b)
Start importing Assets/Alpha particle.prefab using Guid(84e487e9a9fa1f043b559e88aa704ccd) Importer(815301076,1909f56bfc062723c751e8b465ee728b)  -> (artifact id: '00faefe9b1187bab60a582d25e867561') in 0.042861 seconds
  Import took 0.050543 seconds .

========================================================================
Received Prepare
Registering precompiled user dll's ...
Registered in 0.014094 seconds.
Begin MonoManager ReloadAssembly
Native extension for WindowsStandalone target not found
Native extension for WebGL target not found
Refreshing native plugins compatible for Editor in 1.05 ms, found 2 plugins.
Preloading 0 native plugins for Editor in 0.00 ms.
Mono: successfully reloaded assembly
- Completed reload, in  2.819 seconds
Platform modules already initialized, skipping
Refreshing native plugins compatible for Editor in 0.62 ms, found 2 plugins.
Preloading 0 native plugins for Editor in 0.00 ms.
Unloading 1385 Unused Serialized files (Serialized files now loaded: 0)
System memory in use before: 68.8 MB.
System memory in use after: 68.9 MB.

Unloading 14 unused Assets to reduce memory usage. Loaded Objects now: 1901.
Total: 3.585800 ms (FindLiveObjects: 0.300700 ms CreateObjectMapping: 0.051800 ms MarkObjects: 3.080900 ms  DeleteObjects: 0.149800 ms)

========================================================================
Received Import Request.
  Time since last request: 15.666601 seconds.
  path: Assets/Alpha particle.prefab
  artifactKey: Guid(84e487e9a9fa1f043b559e88aa704ccd) Importer(815301076,1909f56bfc062723c751e8b465ee728b)
Start importing Assets/Alpha particle.prefab using Guid(84e487e9a9fa1f043b559e88aa704ccd) Importer(815301076,1909f56bfc062723c751e8b465ee728b)  -> (artifact id: '8996da717f0aad2a3cd3172e3c12c475') in 0.221927 seconds
  Import took 0.226823 seconds .

========================================================================
Received Import Request.
  Time since last request: 39.919497 seconds.
  path: Assets/Alpha particle.prefab
  artifactKey: Guid(84e487e9a9fa1f043b559e88aa704ccd) Importer(815301076,1909f56bfc062723c751e8b465ee728b)
Start importing Assets/Alpha particle.prefab using Guid(84e487e9a9fa1f043b559e88aa704ccd) Importer(815301076,1909f56bfc062723c751e8b465ee728b)  -> (artifact id: 'c3a203797954385774c6625dd2417a47') in 0.071958 seconds
  Import took 0.077225 seconds .

========================================================================
Received Import Request.
  Time since last request: 2.162993 seconds.
  path: Assets/Alpha particle.prefab
  artifactKey: Guid(84e487e9a9fa1f043b559e88aa704ccd) Importer(815301076,1909f56bfc062723c751e8b465ee728b)
Start importing Assets/Alpha particle.prefab using Guid(84e487e9a9fa1f043b559e88aa704ccd) Importer(815301076,1909f56bfc062723c751e8b465ee728b)  -> (artifact id: '69fe8dc93aba0b8d6c45e4b17675fd73') in 0.032602 seconds
  Import took 0.037060 seconds .

========================================================================
Received Import Request.
  Time since last request: 0.004660 seconds.
  path: Assets/Alpha particle.prefab
  artifactKey: Guid(84e487e9a9fa1f043b559e88aa704ccd) Importer(815301076,1909f56bfc062723c751e8b465ee728b)
Start importing Assets/Alpha particle.prefab using Guid(84e487e9a9fa1f043b559e88aa704ccd) Importer(815301076,1909f56bfc062723c751e8b465ee728b)  -> (artifact id: '69fe8dc93aba0b8d6c45e4b17675fd73') in 0.022059 seconds
  Import took 0.025698 seconds .

========================================================================
Received Import Request.
  Time since last request: 2.261556 seconds.
  path: Assets/Alpha particle.prefab
  artifactKey: Guid(84e487e9a9fa1f043b559e88aa704ccd) Importer(815301076,1909f56bfc062723c751e8b465ee728b)
Start importing Assets/Alpha particle.prefab using Guid(84e487e9a9fa1f043b559e88aa704ccd) Importer(815301076,1909f56bfc062723c751e8b465ee728b)  -> (artifact id: 'eed10f66aa8b48a725055739af4c2d7d') in 0.026402 seconds
  Import took 0.032177 seconds .

========================================================================
Received Prepare
Registering precompiled user dll's ...
Registered in 0.006703 seconds.
Begin MonoManager ReloadAssembly
Native extension for WindowsStandalone target not found
Native extension for WebGL target not found
Refreshing native plugins compatible for Editor in 0.51 ms, found 2 plugins.
Preloading 0 native plugins for Editor in 0.00 ms.
Mono: successfully reloaded assembly
- Completed reload, in  3.110 seconds
Platform modules already initialized, skipping
Refreshing native plugins compatible for Editor in 0.55 ms, found 2 plugins.
Preloading 0 native plugins for Editor in 0.00 ms.
Unloading 1385 Unused Serialized files (Serialized files now loaded: 0)
System memory in use before: 68.9 MB.
System memory in use after: 68.9 MB.

Unloading 14 unused Assets to reduce memory usage. Loaded Objects now: 1905.
Total: 4.279300 ms (FindLiveObjects: 0.296300 ms CreateObjectMapping: 0.052300 ms MarkObjects: 3.832400 ms  DeleteObjects: 0.095500 ms)

========================================================================
Received Prepare
Registering precompiled user dll's ...
Registered in 0.007041 seconds.
Begin MonoManager ReloadAssembly
Native extension for WindowsStandalone target not found
Native extension for WebGL target not found
Refreshing native plugins compatible for Editor in 0.45 ms, found 2 plugins.
Preloading 0 native plugins for Editor in 0.00 ms.
Mono: successfully reloaded assembly
- Completed reload, in  1.781 seconds
Platform modules already initialized, skipping
Refreshing native plugins compatible for Editor in 0.38 ms, found 2 plugins.
Preloading 0 native plugins for Editor in 0.00 ms.
Unloading 1385 Unused Serialized files (Serialized files now loaded: 0)
System memory in use before: 68.9 MB.
System memory in use after: 69.0 MB.

Unloading 14 unused Assets to reduce memory usage. Loaded Objects now: 1908.
Total: 2.974600 ms (FindLiveObjects: 0.217100 ms CreateObjectMapping: 0.047600 ms MarkObjects: 2.621300 ms  DeleteObjects: 0.086800 ms)

========================================================================
Received Prepare
Registering precompiled user dll's ...
Registered in 0.012916 seconds.
Begin MonoManager ReloadAssembly
Native extension for WindowsStandalone target not found
Native extension for WebGL target not found
Refreshing native plugins compatible for Editor in 0.59 ms, found 2 plugins.
Preloading 0 native plugins for Editor in 0.00 ms.
Mono: successfully reloaded assembly
- Completed reload, in  2.795 seconds
Platform modules already initialized, skipping
Refreshing native plugins compatible for Editor in 1.02 ms, found 2 plugins.
Preloading 0 native plugins for Editor in 0.00 ms.
Unloading 1385 Unused Serialized files (Serialized files now loaded: 0)
System memory in use before: 68.9 MB.
System memory in use after: 69.0 MB.

Unloading 14 unused Assets to reduce memory usage. Loaded Objects now: 1911.
Total: 5.237300 ms (FindLiveObjects: 0.303500 ms CreateObjectMapping: 0.056100 ms MarkObjects: 4.796000 ms  DeleteObjects: 0.080200 ms)

========================================================================
Received Import Request.
  Time since last request: 133.658253 seconds.
  path: Assets/Alpha particle.prefab
  artifactKey: Guid(84e487e9a9fa1f043b559e88aa704ccd) Importer(815301076,1909f56bfc062723c751e8b465ee728b)
Start importing Assets/Alpha particle.prefab using Guid(84e487e9a9fa1f043b559e88aa704ccd) Importer(815301076,1909f56bfc062723c751e8b465ee728b)  -> (artifact id: '2c7df38a251a38e673e68fea7e450b95') in 0.120214 seconds
  Import took 0.124656 seconds .

========================================================================
Received Import Request.
  Time since last request: 1.304504 seconds.
  path: Assets/Alpha particle.prefab
  artifactKey: Guid(84e487e9a9fa1f043b559e88aa704ccd) Importer(815301076,1909f56bfc062723c751e8b465ee728b)
Start importing Assets/Alpha particle.prefab using Guid(84e487e9a9fa1f043b559e88aa704ccd) Importer(815301076,1909f56bfc062723c751e8b465ee728b)  -> (artifact id: 'dcfff00182fc8628ef8d0630190697e4') in 0.028417 seconds
  Import took 0.033199 seconds .

========================================================================
Received Prepare
Registering precompiled user dll's ...
Registered in 0.008455 seconds.
Begin MonoManager ReloadAssembly
Native extension for WindowsStandalone target not found
Native extension for WebGL target not found
Refreshing native plugins compatible for Editor in 0.60 ms, found 2 plugins.
Preloading 0 native plugins for Editor in 0.00 ms.
Mono: successfully reloaded assembly
- Completed reload, in  2.962 seconds
Platform modules already initialized, skipping
Refreshing native plugins compatible for Editor in 0.57 ms, found 2 plugins.
Preloading 0 native plugins for Editor in 0.00 ms.
Unloading 1385 Unused Serialized files (Serialized files now loaded: 0)
System memory in use before: 68.9 MB.
System memory in use after: 69.0 MB.

Unloading 14 unused Assets to reduce memory usage. Loaded Objects now: 1915.
Total: 19.164100 ms (FindLiveObjects: 0.334900 ms CreateObjectMapping: 0.069200 ms MarkObjects: 15.875500 ms  DeleteObjects: 2.880900 ms)

========================================================================
Received Import Request.
  Time since last request: 8.950210 seconds.
  path: Assets/Alpha particle.prefab
  artifactKey: Guid(84e487e9a9fa1f043b559e88aa704ccd) Importer(815301076,1909f56bfc062723c751e8b465ee728b)
Start importing Assets/Alpha particle.prefab using Guid(84e487e9a9fa1f043b559e88aa704ccd) Importer(815301076,1909f56bfc062723c751e8b465ee728b)  -> (artifact id: '1f4107a5deb3ca01ed7a5c6138451688') in 0.198389 seconds
  Import took 0.204431 seconds .

========================================================================
Received Prepare
Registering precompiled user dll's ...
Registered in 0.013230 seconds.
Begin MonoManager ReloadAssembly
Native extension for WindowsStandalone target not found
Native extension for WebGL target not found
Refreshing native plugins compatible for Editor in 0.39 ms, found 2 plugins.
Preloading 0 native plugins for Editor in 0.00 ms.
Mono: successfully reloaded assembly
- Completed reload, in  2.034 seconds
Platform modules already initialized, skipping
Refreshing native plugins compatible for Editor in 0.55 ms, found 2 plugins.
Preloading 0 native plugins for Editor in 0.00 ms.
Unloading 1385 Unused Serialized files (Serialized files now loaded: 0)
System memory in use before: 68.9 MB.
System memory in use after: 69.0 MB.

Unloading 14 unused Assets to reduce memory usage. Loaded Objects now: 1919.
Total: 3.274500 ms (FindLiveObjects: 0.302800 ms CreateObjectMapping: 0.049400 ms MarkObjects: 2.782700 ms  DeleteObjects: 0.137300 ms)

========================================================================
Received Prepare
Registering precompiled user dll's ...
Registered in 0.006389 seconds.
Begin MonoManager ReloadAssembly
Native extension for WindowsStandalone target not found
Native extension for WebGL target not found
Refreshing native plugins compatible for Editor in 0.50 ms, found 2 plugins.
Preloading 0 native plugins for Editor in 0.00 ms.
Mono: successfully reloaded assembly
- Completed reload, in  1.586 seconds
Platform modules already initialized, skipping
Refreshing native plugins compatible for Editor in 0.38 ms, found 2 plugins.
Preloading 0 native plugins for Editor in 0.00 ms.
Unloading 1385 Unused Serialized files (Serialized files now loaded: 0)
System memory in use before: 68.9 MB.
System memory in use after: 68.9 MB.

Unloading 14 unused Assets to reduce memory usage. Loaded Objects now: 1922.
Total: 2.566300 ms (FindLiveObjects: 0.208400 ms CreateObjectMapping: 0.040400 ms MarkObjects: 2.229200 ms  DeleteObjects: 0.085900 ms)

========================================================================
Received Import Request.
  Time since last request: 742.998210 seconds.
  path: Assets/Alpha particle.prefab
  artifactKey: Guid(84e487e9a9fa1f043b559e88aa704ccd) Importer(815301076,1909f56bfc062723c751e8b465ee728b)
Start importing Assets/Alpha particle.prefab using Guid(84e487e9a9fa1f043b559e88aa704ccd) Importer(815301076,1909f56bfc062723c751e8b465ee728b)  -> (artifact id: '3536869360eba5e39e470aa018bdf495') in 0.087394 seconds
  Import took 0.091537 seconds .

========================================================================
Received Prepare
Registering precompiled user dll's ...
Registered in 0.006407 seconds.
Begin MonoManager ReloadAssembly
Native extension for WindowsStandalone target not found
Native extension for WebGL target not found
Refreshing native plugins compatible for Editor in 0.48 ms, found 2 plugins.
Preloading 0 native plugins for Editor in 0.00 ms.
Mono: successfully reloaded assembly
- Completed reload, in  1.503 seconds
Platform modules already initialized, skipping
Refreshing native plugins compatible for Editor in 0.53 ms, found 2 plugins.
Preloading 0 native plugins for Editor in 0.00 ms.
Unloading 1385 Unused Serialized files (Serialized files now loaded: 0)
System memory in use before: 68.9 MB.
System memory in use after: 68.9 MB.

Unloading 14 unused Assets to reduce memory usage. Loaded Objects now: 1926.
Total: 2.926100 ms (FindLiveObjects: 0.282300 ms CreateObjectMapping: 0.050500 ms MarkObjects: 2.505200 ms  DeleteObjects: 0.086500 ms)

========================================================================
Received Prepare
Registering precompiled user dll's ...
Registered in 0.008505 seconds.
Begin MonoManager ReloadAssembly
Native extension for WindowsStandalone target not found
Native extension for WebGL target not found
Refreshing native plugins compatible for Editor in 0.48 ms, found 2 plugins.
Preloading 0 native plugins for Editor in 0.00 ms.
Mono: successfully reloaded assembly
- Completed reload, in  2.087 seconds
Platform modules already initialized, skipping
Refreshing native plugins compatible for Editor in 0.52 ms, found 2 plugins.
Preloading 0 native plugins for Editor in 0.00 ms.
Unloading 1385 Unused Serialized files (Serialized files now loaded: 0)
System memory in use before: 68.9 MB.
System memory in use after: 69.0 MB.

Unloading 14 unused Assets to reduce memory usage. Loaded Objects now: 1929.
Total: 2.373800 ms (FindLiveObjects: 0.206900 ms CreateObjectMapping: 0.042700 ms MarkObjects: 2.049400 ms  DeleteObjects: 0.073400 ms)

========================================================================
Received Prepare
Registering precompiled user dll's ...
Registered in 0.010557 seconds.
Begin MonoManager ReloadAssembly
Native extension for WindowsStandalone target not found
Native extension for WebGL target not found
Refreshing native plugins compatible for Editor in 0.72 ms, found 2 plugins.
Preloading 0 native plugins for Editor in 0.00 ms.
Mono: successfully reloaded assembly
- Completed reload, in  2.251 seconds
Platform modules already initialized, skipping
Refreshing native plugins compatible for Editor in 1.17 ms, found 2 plugins.
Preloading 0 native plugins for Editor in 0.00 ms.
Unloading 1385 Unused Serialized files (Serialized files now loaded: 0)
System memory in use before: 68.9 MB.
System memory in use after: 69.0 MB.

Unloading 14 unused Assets to reduce memory usage. Loaded Objects now: 1932.
Total: 4.693800 ms (FindLiveObjects: 0.448100 ms CreateObjectMapping: 0.180400 ms MarkObjects: 3.867800 ms  DeleteObjects: 0.195300 ms)

========================================================================
Received Import Request.
  Time since last request: 277.654730 seconds.
  path: Assets/Alpha particle.prefab
  artifactKey: Guid(84e487e9a9fa1f043b559e88aa704ccd) Importer(815301076,1909f56bfc062723c751e8b465ee728b)
Start importing Assets/Alpha particle.prefab using Guid(84e487e9a9fa1f043b559e88aa704ccd) Importer(815301076,1909f56bfc062723c751e8b465ee728b)  -> (artifact id: 'ee20aea414b9ef69b959a5c3494c48ca') in 0.091351 seconds
  Import took 0.095964 seconds .

========================================================================
Received Import Request.
  Time since last request: 10.459505 seconds.
  path: Assets/Alpha particle.prefab
  artifactKey: Guid(84e487e9a9fa1f043b559e88aa704ccd) Importer(815301076,1909f56bfc062723c751e8b465ee728b)
Start importing Assets/Alpha particle.prefab using Guid(84e487e9a9fa1f043b559e88aa704ccd) Importer(815301076,1909f56bfc062723c751e8b465ee728b)  -> (artifact id: 'f26b9334bc6f432fb03e7d5b85949e54') in 0.024485 seconds
  Import took 0.029382 seconds .

========================================================================
Received Prepare
Registering precompiled user dll's ...
Registered in 0.006260 seconds.
Begin MonoManager ReloadAssembly
Native extension for WindowsStandalone target not found
Native extension for WebGL target not found
Refreshing native plugins compatible for Editor in 0.55 ms, found 2 plugins.
Preloading 0 native plugins for Editor in 0.00 ms.
Mono: successfully reloaded assembly
- Completed reload, in  1.915 seconds
Platform modules already initialized, skipping
Refreshing native plugins compatible for Editor in 0.39 ms, found 2 plugins.
Preloading 0 native plugins for Editor in 0.00 ms.
Unloading 1385 Unused Serialized files (Serialized files now loaded: 0)
System memory in use before: 68.9 MB.
System memory in use after: 69.0 MB.

Unloading 14 unused Assets to reduce memory usage. Loaded Objects now: 1936.
Total: 3.270900 ms (FindLiveObjects: 0.219900 ms CreateObjectMapping: 0.047300 ms MarkObjects: 2.905500 ms  DeleteObjects: 0.095900 ms)

========================================================================
Received Prepare
Registering precompiled user dll's ...
Registered in 0.007621 seconds.
Begin MonoManager ReloadAssembly
Native extension for WindowsStandalone target not found
Native extension for WebGL target not found
Refreshing native plugins compatible for Editor in 0.38 ms, found 2 plugins.
Preloading 0 native plugins for Editor in 0.00 ms.
Mono: successfully reloaded assembly
- Completed reload, in  1.605 seconds
Platform modules already initialized, skipping
Refreshing native plugins compatible for Editor in 0.54 ms, found 2 plugins.
Preloading 0 native plugins for Editor in 0.00 ms.
Unloading 1385 Unused Serialized files (Serialized files now loaded: 0)
System memory in use before: 68.9 MB.
System memory in use after: 69.0 MB.

Unloading 14 unused Assets to reduce memory usage. Loaded Objects now: 1939.
Total: 3.854000 ms (FindLiveObjects: 0.272900 ms CreateObjectMapping: 0.052400 ms MarkObjects: 3.441000 ms  DeleteObjects: 0.085600 ms)

========================================================================
Received Prepare
Registering precompiled user dll's ...
Registered in 0.010642 seconds.
Begin MonoManager ReloadAssembly
Native extension for WindowsStandalone target not found
Native extension for WebGL target not found
Refreshing native plugins compatible for Editor in 0.43 ms, found 2 plugins.
Preloading 0 native plugins for Editor in 0.00 ms.
Mono: successfully reloaded assembly
- Completed reload, in  1.880 seconds
Platform modules already initialized, skipping
Refreshing native plugins compatible for Editor in 0.51 ms, found 2 plugins.
Preloading 0 native plugins for Editor in 0.00 ms.
Unloading 1385 Unused Serialized files (Serialized files now loaded: 0)
System memory in use before: 68.9 MB.
System memory in use after: 69.0 MB.

Unloading 14 unused Assets to reduce memory usage. Loaded Objects now: 1942.
Total: 2.657000 ms (FindLiveObjects: 0.207000 ms CreateObjectMapping: 0.039600 ms MarkObjects: 2.308800 ms  DeleteObjects: 0.100000 ms)

========================================================================
Received Prepare
Registering precompiled user dll's ...
Registered in 0.007886 seconds.
Begin MonoManager ReloadAssembly
Native extension for WindowsStandalone target not found
Native extension for WebGL target not found
Refreshing native plugins compatible for Editor in 0.48 ms, found 2 plugins.
Preloading 0 native plugins for Editor in 0.00 ms.
Mono: successfully reloaded assembly
- Completed reload, in  2.317 seconds
Platform modules already initialized, skipping
Refreshing native plugins compatible for Editor in 0.99 ms, found 2 plugins.
Preloading 0 native plugins for Editor in 0.00 ms.
Unloading 1385 Unused Serialized files (Serialized files now loaded: 0)
System memory in use before: 68.9 MB.
System memory in use after: 69.0 MB.

Unloading 14 unused Assets to reduce memory usage. Loaded Objects now: 1945.
Total: 6.886000 ms (FindLiveObjects: 0.591200 ms CreateObjectMapping: 0.057400 ms MarkObjects: 5.987800 ms  DeleteObjects: 0.244600 ms)

========================================================================
Received Import Request.
  Time since last request: 296.025461 seconds.
  path: Assets/Alpha particle.prefab
  artifactKey: Guid(84e487e9a9fa1f043b559e88aa704ccd) Importer(815301076,1909f56bfc062723c751e8b465ee728b)
Start importing Assets/Alpha particle.prefab using Guid(84e487e9a9fa1f043b559e88aa704ccd) Importer(815301076,1909f56bfc062723c751e8b465ee728b)  -> (artifact id: 'a045595efcb3076a44742b52e795d867') in 0.088235 seconds
  Import took 0.092533 seconds .

========================================================================
Received Import Request.
  Time since last request: 2.090299 seconds.
  path: Assets/Alpha particle.prefab
  artifactKey: Guid(84e487e9a9fa1f043b559e88aa704ccd) Importer(815301076,1909f56bfc062723c751e8b465ee728b)
Start importing Assets/Alpha particle.prefab using Guid(84e487e9a9fa1f043b559e88aa704ccd) Importer(815301076,1909f56bfc062723c751e8b465ee728b)  -> (artifact id: '8f74fefa33b934e38b6820e396188dfe') in 0.020364 seconds
  Import took 0.025631 seconds .

========================================================================
Received Import Request.
  Time since last request: 0.370784 seconds.
  path: Assets/Alpha particle.prefab
  artifactKey: Guid(84e487e9a9fa1f043b559e88aa704ccd) Importer(815301076,1909f56bfc062723c751e8b465ee728b)
Start importing Assets/Alpha particle.prefab using Guid(84e487e9a9fa1f043b559e88aa704ccd) Importer(815301076,1909f56bfc062723c751e8b465ee728b)  -> (artifact id: '355570cb34fe731da1084c4d6cd0b798') in 0.019789 seconds
  Import took 0.023598 seconds .

========================================================================
Received Import Request.
  Time since last request: 0.394304 seconds.
  path: Assets/Alpha particle.prefab
  artifactKey: Guid(84e487e9a9fa1f043b559e88aa704ccd) Importer(815301076,1909f56bfc062723c751e8b465ee728b)
Start importing Assets/Alpha particle.prefab using Guid(84e487e9a9fa1f043b559e88aa704ccd) Importer(815301076,1909f56bfc062723c751e8b465ee728b)  -> (artifact id: '62dfcecde5a693ce36fd1472983f5ddd') in 0.019137 seconds
  Import took 0.022914 seconds .

========================================================================
Received Prepare
Registering precompiled user dll's ...
Registered in 0.010131 seconds.
Begin MonoManager ReloadAssembly
Native extension for WindowsStandalone target not found
Native extension for WebGL target not found
Refreshing native plugins compatible for Editor in 1.22 ms, found 2 plugins.
Preloading 0 native plugins for Editor in 0.00 ms.
Mono: successfully reloaded assembly
- Completed reload, in  2.355 seconds
Platform modules already initialized, skipping
Refreshing native plugins compatible for Editor in 0.85 ms, found 2 plugins.
Preloading 0 native plugins for Editor in 0.00 ms.
Unloading 1385 Unused Serialized files (Serialized files now loaded: 0)
System memory in use before: 68.9 MB.
System memory in use after: 69.0 MB.

Unloading 14 unused Assets to reduce memory usage. Loaded Objects now: 1949.
Total: 4.946300 ms (FindLiveObjects: 0.276600 ms CreateObjectMapping: 0.059400 ms MarkObjects: 4.402800 ms  DeleteObjects: 0.205200 ms)

========================================================================
Received Prepare
Registering precompiled user dll's ...
Registered in 0.008789 seconds.
Begin MonoManager ReloadAssembly
Native extension for WindowsStandalone target not found
Native extension for WebGL target not found
Refreshing native plugins compatible for Editor in 0.41 ms, found 2 plugins.
Preloading 0 native plugins for Editor in 0.00 ms.
Mono: successfully reloaded assembly
- Completed reload, in  1.540 seconds
Platform modules already initialized, skipping
Refreshing native plugins compatible for Editor in 0.54 ms, found 2 plugins.
Preloading 0 native plugins for Editor in 0.00 ms.
Unloading 1385 Unused Serialized files (Serialized files now loaded: 0)
System memory in use before: 68.9 MB.
System memory in use after: 69.0 MB.

Unloading 14 unused Assets to reduce memory usage. Loaded Objects now: 1952.
Total: 2.584400 ms (FindLiveObjects: 0.239000 ms CreateObjectMapping: 0.052600 ms MarkObjects: 2.214700 ms  DeleteObjects: 0.076700 ms)

========================================================================
Received Import Request.
  Time since last request: 126.952429 seconds.
  path: Assets/Alpha particle.prefab
  artifactKey: Guid(84e487e9a9fa1f043b559e88aa704ccd) Importer(815301076,1909f56bfc062723c751e8b465ee728b)
Start importing Assets/Alpha particle.prefab using Guid(84e487e9a9fa1f043b559e88aa704ccd) Importer(815301076,1909f56bfc062723c751e8b465ee728b)  -> (artifact id: '999f9df7feb1eff16a108379f66be168') in 0.104577 seconds
  Import took 0.109340 seconds .

========================================================================
Received Import Request.
  Time since last request: 0.521801 seconds.
  path: Assets/Alpha particle.prefab
  artifactKey: Guid(84e487e9a9fa1f043b559e88aa704ccd) Importer(815301076,1909f56bfc062723c751e8b465ee728b)
Start importing Assets/Alpha particle.prefab using Guid(84e487e9a9fa1f043b559e88aa704ccd) Importer(815301076,1909f56bfc062723c751e8b465ee728b)  -> (artifact id: '5e278f9353bef1ff1952d6750f1a74b1') in 0.020237 seconds
  Import took 0.024936 seconds .

========================================================================
Received Import Request.
  Time since last request: 0.380191 seconds.
  path: Assets/Alpha particle.prefab
  artifactKey: Guid(84e487e9a9fa1f043b559e88aa704ccd) Importer(815301076,1909f56bfc062723c751e8b465ee728b)
Start importing Assets/Alpha particle.prefab using Guid(84e487e9a9fa1f043b559e88aa704ccd) Importer(815301076,1909f56bfc062723c751e8b465ee728b)  -> (artifact id: 'b57d3998a09d3faddf86ecfbb5d1707b') in 0.026473 seconds
  Import took 0.031398 seconds .

========================================================================
Received Prepare
Registering precompiled user dll's ...
Registered in 0.008218 seconds.
Begin MonoManager ReloadAssembly
Native extension for WindowsStandalone target not found
Native extension for WebGL target not found
Refreshing native plugins compatible for Editor in 1.03 ms, found 2 plugins.
Preloading 0 native plugins for Editor in 0.00 ms.
Mono: successfully reloaded assembly
- Completed reload, in  2.560 seconds
Platform modules already initialized, skipping
Refreshing native plugins compatible for Editor in 0.81 ms, found 2 plugins.
Preloading 0 native plugins for Editor in 0.00 ms.
Unloading 1385 Unused Serialized files (Serialized files now loaded: 0)
System memory in use before: 68.9 MB.
System memory in use after: 69.0 MB.

Unloading 14 unused Assets to reduce memory usage. Loaded Objects now: 1956.
Total: 4.346900 ms (FindLiveObjects: 0.348700 ms CreateObjectMapping: 0.070600 ms MarkObjects: 3.700800 ms  DeleteObjects: 0.221300 ms)

========================================================================
Received Import Request.
  Time since last request: 51.704189 seconds.
  path: Assets/Alpha particle.prefab
  artifactKey: Guid(84e487e9a9fa1f043b559e88aa704ccd) Importer(815301076,1909f56bfc062723c751e8b465ee728b)
Start importing Assets/Alpha particle.prefab using Guid(84e487e9a9fa1f043b559e88aa704ccd) Importer(815301076,1909f56bfc062723c751e8b465ee728b)  -> (artifact id: '55e12de7944e2967d96215b0499b6986') in 0.093731 seconds
  Import took 0.098107 seconds .

========================================================================
Received Prepare
Registering precompiled user dll's ...
Registered in 0.007726 seconds.
Begin MonoManager ReloadAssembly
Native extension for WindowsStandalone target not found
Native extension for WebGL target not found
Refreshing native plugins compatible for Editor in 0.78 ms, found 2 plugins.
Preloading 0 native plugins for Editor in 0.00 ms.
Mono: successfully reloaded assembly
- Completed reload, in  2.510 seconds
Platform modules already initialized, skipping
Refreshing native plugins compatible for Editor in 0.51 ms, found 2 plugins.
Preloading 0 native plugins for Editor in 0.00 ms.
Unloading 1385 Unused Serialized files (Serialized files now loaded: 0)
System memory in use before: 68.9 MB.
System memory in use after: 69.0 MB.

Unloading 14 unused Assets to reduce memory usage. Loaded Objects now: 1960.
Total: 6.093100 ms (FindLiveObjects: 0.704800 ms CreateObjectMapping: 0.174100 ms MarkObjects: 5.128500 ms  DeleteObjects: 0.082300 ms)

========================================================================
Received Import Request.
  Time since last request: 39.386334 seconds.
  path: Assets/Alpha particle.prefab
  artifactKey: Guid(84e487e9a9fa1f043b559e88aa704ccd) Importer(815301076,1909f56bfc062723c751e8b465ee728b)
Start importing Assets/Alpha particle.prefab using Guid(84e487e9a9fa1f043b559e88aa704ccd) Importer(815301076,1909f56bfc062723c751e8b465ee728b)  -> (artifact id: '75a110f2a0dfa66fadc53463fb2e8858') in 0.094427 seconds
  Import took 0.098215 seconds .

========================================================================
Received Import Request.
  Time since last request: 0.469508 seconds.
  path: Assets/Alpha particle.prefab
  artifactKey: Guid(84e487e9a9fa1f043b559e88aa704ccd) Importer(815301076,1909f56bfc062723c751e8b465ee728b)
Start importing Assets/Alpha particle.prefab using Guid(84e487e9a9fa1f043b559e88aa704ccd) Importer(815301076,1909f56bfc062723c751e8b465ee728b)  -> (artifact id: '9bb8904ac79690c65bfc1b2f0b1833a1') in 0.020400 seconds
  Import took 0.024069 seconds .

========================================================================
Received Import Request.
  Time since last request: 0.012103 seconds.
  path: Assets/Alpha particle.prefab
  artifactKey: Guid(84e487e9a9fa1f043b559e88aa704ccd) Importer(815301076,1909f56bfc062723c751e8b465ee728b)
Start importing Assets/Alpha particle.prefab using Guid(84e487e9a9fa1f043b559e88aa704ccd) Importer(815301076,1909f56bfc062723c751e8b465ee728b)  -> (artifact id: '9bb8904ac79690c65bfc1b2f0b1833a1') in 0.021384 seconds
  Import took 0.026210 seconds .

========================================================================
Received Import Request.
  Time since last request: 0.351363 seconds.
  path: Assets/Alpha particle.prefab
  artifactKey: Guid(84e487e9a9fa1f043b559e88aa704ccd) Importer(815301076,1909f56bfc062723c751e8b465ee728b)
Start importing Assets/Alpha particle.prefab using Guid(84e487e9a9fa1f043b559e88aa704ccd) Importer(815301076,1909f56bfc062723c751e8b465ee728b)  -> (artifact id: '4cd6683951d7a37a4b45b3db1df95890') in 0.026667 seconds
  Import took 0.031538 seconds .

========================================================================
Received Import Request.
  Time since last request: 0.001743 seconds.
  path: Assets/Alpha particle.prefab
  artifactKey: Guid(84e487e9a9fa1f043b559e88aa704ccd) Importer(815301076,1909f56bfc062723c751e8b465ee728b)
Start importing Assets/Alpha particle.prefab using Guid(84e487e9a9fa1f043b559e88aa704ccd) Importer(815301076,1909f56bfc062723c751e8b465ee728b)  -> (artifact id: '4cd6683951d7a37a4b45b3db1df95890') in 0.021771 seconds
  Import took 0.026116 seconds .

========================================================================
Received Import Request.
  Time since last request: 0.767254 seconds.
  path: Assets/Alpha particle.prefab
  artifactKey: Guid(84e487e9a9fa1f043b559e88aa704ccd) Importer(815301076,1909f56bfc062723c751e8b465ee728b)
Start importing Assets/Alpha particle.prefab using Guid(84e487e9a9fa1f043b559e88aa704ccd) Importer(815301076,1909f56bfc062723c751e8b465ee728b)  -> (artifact id: '71992094104c2338ad2455c5e90ae3a0') in 0.017328 seconds
  Import took 0.021097 seconds .

========================================================================
Received Import Request.
  Time since last request: 0.010662 seconds.
  path: Assets/Alpha particle.prefab
  artifactKey: Guid(84e487e9a9fa1f043b559e88aa704ccd) Importer(815301076,1909f56bfc062723c751e8b465ee728b)
Start importing Assets/Alpha particle.prefab using Guid(84e487e9a9fa1f043b559e88aa704ccd) Importer(815301076,1909f56bfc062723c751e8b465ee728b)  -> (artifact id: '71992094104c2338ad2455c5e90ae3a0') in 0.023991 seconds
  Import took 0.028189 seconds .

========================================================================
Received Import Request.
  Time since last request: 0.540872 seconds.
  path: Assets/Alpha particle.prefab
  artifactKey: Guid(84e487e9a9fa1f043b559e88aa704ccd) Importer(815301076,1909f56bfc062723c751e8b465ee728b)
Start importing Assets/Alpha particle.prefab using Guid(84e487e9a9fa1f043b559e88aa704ccd) Importer(815301076,1909f56bfc062723c751e8b465ee728b)  -> (artifact id: 'd878c335b9ea393a57dc06bbfd3fb5f6') in 0.018520 seconds
  Import took 0.022772 seconds .

========================================================================
Received Import Request.
  Time since last request: 0.023365 seconds.
  path: Assets/Alpha particle.prefab
  artifactKey: Guid(84e487e9a9fa1f043b559e88aa704ccd) Importer(815301076,1909f56bfc062723c751e8b465ee728b)
Start importing Assets/Alpha particle.prefab using Guid(84e487e9a9fa1f043b559e88aa704ccd) Importer(815301076,1909f56bfc062723c751e8b465ee728b)  -> (artifact id: 'd878c335b9ea393a57dc06bbfd3fb5f6') in 0.020198 seconds
  Import took 0.025213 seconds .

========================================================================
Received Prepare
Registering precompiled user dll's ...
Registered in 0.010154 seconds.
Begin MonoManager ReloadAssembly
Native extension for WindowsStandalone target not found
Native extension for WebGL target not found
Refreshing native plugins compatible for Editor in 1.36 ms, found 2 plugins.
Preloading 0 native plugins for Editor in 0.00 ms.
Mono: successfully reloaded assembly
- Completed reload, in  2.657 seconds
Platform modules already initialized, skipping
Refreshing native plugins compatible for Editor in 0.99 ms, found 2 plugins.
Preloading 0 native plugins for Editor in 0.00 ms.
Unloading 1385 Unused Serialized files (Serialized files now loaded: 0)
System memory in use before: 69.0 MB.
System memory in use after: 69.1 MB.

Unloading 14 unused Assets to reduce memory usage. Loaded Objects now: 1964.
Total: 5.758300 ms (FindLiveObjects: 0.898500 ms CreateObjectMapping: 0.153700 ms MarkObjects: 4.552100 ms  DeleteObjects: 0.147500 ms)

========================================================================
Received Import Request.
  Time since last request: 115.970283 seconds.
  path: Assets/alpha particle.mat
  artifactKey: Guid(702cef7957fa45b4790df857ae40758b) Importer(815301076,1909f56bfc062723c751e8b465ee728b)
Start importing Assets/alpha particle.mat using Guid(702cef7957fa45b4790df857ae40758b) Importer(815301076,1909f56bfc062723c751e8b465ee728b)  -> (artifact id: 'dbe99cfb60f7656e2cdfc0bc32d3115f') in 0.099271 seconds
  Import took 0.103134 seconds .

========================================================================
Received Prepare
Registering precompiled user dll's ...
Registered in 0.014388 seconds.
Begin MonoManager ReloadAssembly
Native extension for WindowsStandalone target not found
Native extension for WebGL target not found
Refreshing native plugins compatible for Editor in 0.57 ms, found 2 plugins.
Preloading 0 native plugins for Editor in 0.00 ms.
Mono: successfully reloaded assembly
- Completed reload, in  2.419 seconds
Platform modules already initialized, skipping
Refreshing native plugins compatible for Editor in 0.72 ms, found 2 plugins.
Preloading 0 native plugins for Editor in 0.00 ms.
Unloading 1385 Unused Serialized files (Serialized files now loaded: 0)
System memory in use before: 69.0 MB.
System memory in use after: 69.1 MB.

Unloading 14 unused Assets to reduce memory usage. Loaded Objects now: 1968.
Total: 3.645300 ms (FindLiveObjects: 0.407000 ms CreateObjectMapping: 0.100700 ms MarkObjects: 2.898300 ms  DeleteObjects: 0.236700 ms)

========================================================================
Received Prepare
Registering precompiled user dll's ...
Registered in 0.012582 seconds.
Begin MonoManager ReloadAssembly
Native extension for WindowsStandalone target not found
Native extension for WebGL target not found
Refreshing native plugins compatible for Editor in 0.51 ms, found 2 plugins.
Preloading 0 native plugins for Editor in 0.00 ms.
Mono: successfully reloaded assembly
- Completed reload, in  2.067 seconds
Platform modules already initialized, skipping
Refreshing native plugins compatible for Editor in 0.43 ms, found 2 plugins.
Preloading 0 native plugins for Editor in 0.00 ms.
Unloading 1385 Unused Serialized files (Serialized files now loaded: 0)
System memory in use before: 69.0 MB.
System memory in use after: 69.1 MB.

Unloading 14 unused Assets to reduce memory usage. Loaded Objects now: 1971.
Total: 3.795100 ms (FindLiveObjects: 0.531400 ms CreateObjectMapping: 0.124000 ms MarkObjects: 2.997100 ms  DeleteObjects: 0.140200 ms)

========================================================================
Received Import Request.
  Time since last request: 10619.150134 seconds.
  path: Assets/New Material.mat
  artifactKey: Guid(8035f201f64130e4f915080d285deb43) Importer(815301076,1909f56bfc062723c751e8b465ee728b)
Start importing Assets/New Material.mat using Guid(8035f201f64130e4f915080d285deb43) Importer(815301076,1909f56bfc062723c751e8b465ee728b)  -> (artifact id: 'b2c823b3e57ad833a6ce512e9583ab36') in 0.171914 seconds
  Import took 0.176711 seconds .

========================================================================
Received Import Request.
  Time since last request: 121.607202 seconds.
  path: Assets/Electron.prefab
  artifactKey: Guid(d05dac2a8cfa3ef4ba43d8b74f425fe5) Importer(815301076,1909f56bfc062723c751e8b465ee728b)
Start importing Assets/Electron.prefab using Guid(d05dac2a8cfa3ef4ba43d8b74f425fe5) Importer(815301076,1909f56bfc062723c751e8b465ee728b)  -> (artifact id: '27c9fb6e49921fac7c7af4b4fff62ba5') in 0.061900 seconds
  Import took 0.067682 seconds .

========================================================================
Received Import Request.
  Time since last request: 0.000402 seconds.
  path: Assets/Electron.prefab
  artifactKey: Guid(d05dac2a8cfa3ef4ba43d8b74f425fe5) Importer(815301076,1909f56bfc062723c751e8b465ee728b)
Start importing Assets/Electron.prefab using Guid(d05dac2a8cfa3ef4ba43d8b74f425fe5) Importer(815301076,1909f56bfc062723c751e8b465ee728b)  -> (artifact id: '27c9fb6e49921fac7c7af4b4fff62ba5') in 0.026823 seconds
  Import took 0.032236 seconds .

========================================================================
Received Prepare
Registering precompiled user dll's ...
Registered in 0.006798 seconds.
Begin MonoManager ReloadAssembly
Native extension for WindowsStandalone target not found
Native extension for WebGL target not found
Refreshing native plugins compatible for Editor in 0.86 ms, found 2 plugins.
Preloading 0 native plugins for Editor in 0.00 ms.
Mono: successfully reloaded assembly
- Completed reload, in  1.889 seconds
Platform modules already initialized, skipping
Refreshing native plugins compatible for Editor in 0.48 ms, found 2 plugins.
Preloading 0 native plugins for Editor in 0.00 ms.
Unloading 1385 Unused Serialized files (Serialized files now loaded: 0)
System memory in use before: 69.0 MB.
System memory in use after: 69.1 MB.

Unloading 14 unused Assets to reduce memory usage. Loaded Objects now: 1975.
Total: 4.428100 ms (FindLiveObjects: 0.273600 ms CreateObjectMapping: 0.051100 ms MarkObjects: 4.016600 ms  DeleteObjects: 0.084900 ms)

========================================================================
Received Prepare
Registering precompiled user dll's ...
Registered in 0.008889 seconds.
Begin MonoManager ReloadAssembly
Native extension for WindowsStandalone target not found
Native extension for WebGL target not found
Refreshing native plugins compatible for Editor in 0.75 ms, found 2 plugins.
Preloading 0 native plugins for Editor in 0.00 ms.
Mono: successfully reloaded assembly
- Completed reload, in  1.985 seconds
Platform modules already initialized, skipping
Refreshing native plugins compatible for Editor in 1.54 ms, found 2 plugins.
Preloading 0 native plugins for Editor in 0.00 ms.
Unloading 1385 Unused Serialized files (Serialized files now loaded: 0)
System memory in use before: 69.0 MB.
System memory in use after: 69.1 MB.

Unloading 14 unused Assets to reduce memory usage. Loaded Objects now: 1978.
Total: 5.748000 ms (FindLiveObjects: 0.220000 ms CreateObjectMapping: 0.045200 ms MarkObjects: 5.312600 ms  DeleteObjects: 0.167100 ms)

========================================================================
Received Import Request.
  Time since last request: 248.726370 seconds.
  path: Assets/beta particle.prefab
  artifactKey: Guid(d05dac2a8cfa3ef4ba43d8b74f425fe5) Importer(815301076,1909f56bfc062723c751e8b465ee728b)
Start importing Assets/beta particle.prefab using Guid(d05dac2a8cfa3ef4ba43d8b74f425fe5) Importer(815301076,1909f56bfc062723c751e8b465ee728b)  -> (artifact id: 'c79b7d7cf70ac5da30d821f126ef176b') in 0.136638 seconds
  Import took 0.141811 seconds .

========================================================================
Received Prepare
Registering precompiled user dll's ...
Registered in 0.008089 seconds.
Begin MonoManager ReloadAssembly
Native extension for WindowsStandalone target not found
Native extension for WebGL target not found
Refreshing native plugins compatible for Editor in 0.88 ms, found 2 plugins.
Preloading 0 native plugins for Editor in 0.00 ms.
Mono: successfully reloaded assembly
- Completed reload, in  1.819 seconds
Platform modules already initialized, skipping
Refreshing native plugins compatible for Editor in 0.58 ms, found 2 plugins.
Preloading 0 native plugins for Editor in 0.00 ms.
Unloading 1385 Unused Serialized files (Serialized files now loaded: 0)
System memory in use before: 69.0 MB.
System memory in use after: 69.1 MB.

Unloading 14 unused Assets to reduce memory usage. Loaded Objects now: 1982.
Total: 4.429800 ms (FindLiveObjects: 0.329300 ms CreateObjectMapping: 0.070700 ms MarkObjects: 3.888100 ms  DeleteObjects: 0.139400 ms)

========================================================================
Received Prepare
Registering precompiled user dll's ...
Registered in 0.006605 seconds.
Begin MonoManager ReloadAssembly
Native extension for WindowsStandalone target not found
Native extension for WebGL target not found
Refreshing native plugins compatible for Editor in 0.55 ms, found 2 plugins.
Preloading 0 native plugins for Editor in 0.00 ms.
Mono: successfully reloaded assembly
- Completed reload, in  1.879 seconds
Platform modules already initialized, skipping
Refreshing native plugins compatible for Editor in 0.62 ms, found 2 plugins.
Preloading 0 native plugins for Editor in 0.00 ms.
Unloading 1385 Unused Serialized files (Serialized files now loaded: 0)
System memory in use before: 69.0 MB.
System memory in use after: 69.1 MB.

Unloading 14 unused Assets to reduce memory usage. Loaded Objects now: 1985.
Total: 4.795000 ms (FindLiveObjects: 0.573400 ms CreateObjectMapping: 0.085300 ms MarkObjects: 3.975400 ms  DeleteObjects: 0.158100 ms)

========================================================================
Received Prepare
Registering precompiled user dll's ...
Registered in 0.008276 seconds.
Begin MonoManager ReloadAssembly
Native extension for WindowsStandalone target not found
Native extension for WebGL target not found
Refreshing native plugins compatible for Editor in 0.97 ms, found 2 plugins.
Preloading 0 native plugins for Editor in 0.00 ms.
Mono: successfully reloaded assembly
- Completed reload, in  2.014 seconds
Platform modules already initialized, skipping
Refreshing native plugins compatible for Editor in 0.80 ms, found 2 plugins.
Preloading 0 native plugins for Editor in 0.00 ms.
Unloading 1385 Unused Serialized files (Serialized files now loaded: 0)
System memory in use before: 69.0 MB.
System memory in use after: 69.1 MB.

Unloading 14 unused Assets to reduce memory usage. Loaded Objects now: 1988.
Total: 3.896300 ms (FindLiveObjects: 0.353300 ms CreateObjectMapping: 0.065600 ms MarkObjects: 3.358100 ms  DeleteObjects: 0.117300 ms)

========================================================================
Received Prepare
Registering precompiled user dll's ...
Registered in 0.011704 seconds.
Begin MonoManager ReloadAssembly
Native extension for WindowsStandalone target not found
Native extension for WebGL target not found
Refreshing native plugins compatible for Editor in 0.92 ms, found 2 plugins.
Preloading 0 native plugins for Editor in 0.00 ms.
Mono: successfully reloaded assembly
- Completed reload, in  2.272 seconds
Platform modules already initialized, skipping
Refreshing native plugins compatible for Editor in 0.62 ms, found 2 plugins.
Preloading 0 native plugins for Editor in 0.00 ms.
Unloading 1385 Unused Serialized files (Serialized files now loaded: 0)
System memory in use before: 69.0 MB.
System memory in use after: 69.1 MB.

Unloading 14 unused Assets to reduce memory usage. Loaded Objects now: 1991.
Total: 5.444900 ms (FindLiveObjects: 0.305100 ms CreateObjectMapping: 0.080500 ms MarkObjects: 4.801000 ms  DeleteObjects: 0.255200 ms)

========================================================================
Received Import Request.
  Time since last request: 454.327158 seconds.
  path: Assets/Enemy_Movement.cs
  artifactKey: Guid(d56f9d7ebfca78a4cb361d8572d3491d) Importer(815301076,1909f56bfc062723c751e8b465ee728b)
Start importing Assets/Enemy_Movement.cs using Guid(d56f9d7ebfca78a4cb361d8572d3491d) Importer(815301076,1909f56bfc062723c751e8b465ee728b)  -> (artifact id: 'a40979d685a3598e179b89bf1a0bf697') in 0.059650 seconds
  Import took 0.066591 seconds .

========================================================================
Received Import Request.
  Time since last request: 0.035990 seconds.
  path: Assets/Enemy_Movement.cs
  artifactKey: Guid(d56f9d7ebfca78a4cb361d8572d3491d) Importer(815301076,1909f56bfc062723c751e8b465ee728b)
Start importing Assets/Enemy_Movement.cs using Guid(d56f9d7ebfca78a4cb361d8572d3491d) Importer(815301076,1909f56bfc062723c751e8b465ee728b)  -> (artifact id: 'a40979d685a3598e179b89bf1a0bf697') in 0.015170 seconds
  Import took 0.019068 seconds .

========================================================================
Received Prepare
Registering precompiled user dll's ...
Registered in 0.007993 seconds.
Begin MonoManager ReloadAssembly
Native extension for WindowsStandalone target not found
Native extension for WebGL target not found
Refreshing native plugins compatible for Editor in 0.39 ms, found 2 plugins.
Preloading 0 native plugins for Editor in 0.00 ms.
Mono: successfully reloaded assembly
- Completed reload, in  1.617 seconds
Platform modules already initialized, skipping
Refreshing native plugins compatible for Editor in 0.78 ms, found 2 plugins.
Preloading 0 native plugins for Editor in 0.00 ms.
Unloading 1385 Unused Serialized files (Serialized files now loaded: 0)
System memory in use before: 69.0 MB.
System memory in use after: 69.1 MB.

Unloading 14 unused Assets to reduce memory usage. Loaded Objects now: 1994.
Total: 4.116300 ms (FindLiveObjects: 0.329800 ms CreateObjectMapping: 0.072300 ms MarkObjects: 3.579000 ms  DeleteObjects: 0.132600 ms)

========================================================================
Received Import Request.
  Time since last request: 88.059657 seconds.
  path: Assets/Enemy_Movement.cs
  artifactKey: Guid(d56f9d7ebfca78a4cb361d8572d3491d) Importer(815301076,1909f56bfc062723c751e8b465ee728b)
Start importing Assets/Enemy_Movement.cs using Guid(d56f9d7ebfca78a4cb361d8572d3491d) Importer(815301076,1909f56bfc062723c751e8b465ee728b)  -> (artifact id: 'f0daf8e9c48b5d8b154b121ee34caf14') in 0.015529 seconds
  Import took 0.020627 seconds .

========================================================================
Received Prepare
Registering precompiled user dll's ...
Registered in 0.011845 seconds.
Begin MonoManager ReloadAssembly
Native extension for WindowsStandalone target not found
Native extension for WebGL target not found
Refreshing native plugins compatible for Editor in 0.78 ms, found 2 plugins.
Preloading 0 native plugins for Editor in 0.00 ms.
Mono: successfully reloaded assembly
- Completed reload, in  3.094 seconds
Platform modules already initialized, skipping
Refreshing native plugins compatible for Editor in 0.59 ms, found 2 plugins.
Preloading 0 native plugins for Editor in 0.00 ms.
Unloading 1385 Unused Serialized files (Serialized files now loaded: 0)
System memory in use before: 69.1 MB.
System memory in use after: 69.1 MB.

Unloading 14 unused Assets to reduce memory usage. Loaded Objects now: 1997.
Total: 3.208500 ms (FindLiveObjects: 0.574200 ms CreateObjectMapping: 0.168500 ms MarkObjects: 2.380200 ms  DeleteObjects: 0.083500 ms)

========================================================================
Received Import Request.
  Time since last request: 320.326264 seconds.
  path: Assets/LevelSettings.cs
  artifactKey: Guid(3c2f1fab71c755f4484bf078381f6518) Importer(815301076,1909f56bfc062723c751e8b465ee728b)
Start importing Assets/LevelSettings.cs using Guid(3c2f1fab71c755f4484bf078381f6518) Importer(815301076,1909f56bfc062723c751e8b465ee728b)  -> (artifact id: '19da54c636c3a0ab72c1ec4ae56290b9') in 0.053597 seconds
  Import took 0.059340 seconds .

========================================================================
Received Prepare
Registering precompiled user dll's ...
Registered in 0.017801 seconds.
Begin MonoManager ReloadAssembly
Native extension for WindowsStandalone target not found
Native extension for WebGL target not found
Refreshing native plugins compatible for Editor in 0.72 ms, found 2 plugins.
Preloading 0 native plugins for Editor in 0.00 ms.
Mono: successfully reloaded assembly
- Completed reload, in  2.127 seconds
Platform modules already initialized, skipping
Refreshing native plugins compatible for Editor in 0.60 ms, found 2 plugins.
Preloading 0 native plugins for Editor in 0.00 ms.
Unloading 1386 Unused Serialized files (Serialized files now loaded: 0)
System memory in use before: 69.1 MB.
System memory in use after: 69.2 MB.

Unloading 14 unused Assets to reduce memory usage. Loaded Objects now: 2001.
Total: 3.702400 ms (FindLiveObjects: 0.394800 ms CreateObjectMapping: 0.050400 ms MarkObjects: 3.122500 ms  DeleteObjects: 0.132300 ms)

========================================================================
Received Prepare
Registering precompiled user dll's ...
Registered in 0.009355 seconds.
Begin MonoManager ReloadAssembly
Native extension for WindowsStandalone target not found
Native extension for WebGL target not found
Refreshing native plugins compatible for Editor in 0.39 ms, found 2 plugins.
Preloading 0 native plugins for Editor in 0.00 ms.
Mono: successfully reloaded assembly
- Completed reload, in  1.795 seconds
Platform modules already initialized, skipping
Refreshing native plugins compatible for Editor in 0.70 ms, found 2 plugins.
Preloading 0 native plugins for Editor in 0.00 ms.
Unloading 1386 Unused Serialized files (Serialized files now loaded: 0)
System memory in use before: 69.1 MB.
System memory in use after: 69.2 MB.

Unloading 14 unused Assets to reduce memory usage. Loaded Objects now: 2004.
Total: 5.720500 ms (FindLiveObjects: 0.548300 ms CreateObjectMapping: 0.124900 ms MarkObjects: 4.846100 ms  DeleteObjects: 0.199000 ms)

========================================================================
Received Import Request.
  Time since last request: 172.048521 seconds.
  path: Assets/LevelSettings.cs
  artifactKey: Guid(3c2f1fab71c755f4484bf078381f6518) Importer(815301076,1909f56bfc062723c751e8b465ee728b)
Start importing Assets/LevelSettings.cs using Guid(3c2f1fab71c755f4484bf078381f6518) Importer(815301076,1909f56bfc062723c751e8b465ee728b)  -> (artifact id: '01fe6eca680797795dc3473cb797bfea') in 0.013902 seconds
  Import took 0.018462 seconds .

========================================================================
Received Prepare
Registering precompiled user dll's ...
Registered in 0.049138 seconds.
Begin MonoManager ReloadAssembly
Native extension for WindowsStandalone target not found
Native extension for WebGL target not found
Refreshing native plugins compatible for Editor in 0.63 ms, found 2 plugins.
Preloading 0 native plugins for Editor in 0.00 ms.
Mono: successfully reloaded assembly
- Completed reload, in  3.883 seconds
Platform modules already initialized, skipping
Refreshing native plugins compatible for Editor in 0.60 ms, found 2 plugins.
Preloading 0 native plugins for Editor in 0.00 ms.
Unloading 1386 Unused Serialized files (Serialized files now loaded: 0)
System memory in use before: 69.1 MB.
System memory in use after: 69.2 MB.

Unloading 14 unused Assets to reduce memory usage. Loaded Objects now: 2007.
Total: 8.032000 ms (FindLiveObjects: 0.771400 ms CreateObjectMapping: 0.149300 ms MarkObjects: 6.967200 ms  DeleteObjects: 0.138100 ms)

========================================================================
Received Import Request.
  Time since last request: 302.944334 seconds.
  path: Assets/level 1.asset
  artifactKey: Guid(66ba26579bad26e408e7beafc263b8d5) Importer(815301076,1909f56bfc062723c751e8b465ee728b)
Start importing Assets/level 1.asset using Guid(66ba26579bad26e408e7beafc263b8d5) Importer(815301076,1909f56bfc062723c751e8b465ee728b)  -> (artifact id: '3f1e5636c5673c6c37c77ab8f5e48cef') in 0.099814 seconds
  Import took 0.104312 seconds .

========================================================================
Received Import Request.
  Time since last request: 4.734306 seconds.
  path: Assets/test.asset
  artifactKey: Guid(66ba26579bad26e408e7beafc263b8d5) Importer(815301076,1909f56bfc062723c751e8b465ee728b)
Start importing Assets/test.asset using Guid(66ba26579bad26e408e7beafc263b8d5) Importer(815301076,1909f56bfc062723c751e8b465ee728b)  -> (artifact id: '7a5a9e6de2bd7279c97f39fef91f9993') in 0.075689 seconds
  Import took 0.081889 seconds .

========================================================================
Received Prepare
Registering precompiled user dll's ...
Registered in 0.015266 seconds.
Begin MonoManager ReloadAssembly
Native extension for WindowsStandalone target not found
Native extension for WebGL target not found
Refreshing native plugins compatible for Editor in 0.98 ms, found 2 plugins.
Preloading 0 native plugins for Editor in 0.00 ms.
Mono: successfully reloaded assembly
- Completed reload, in  2.168 seconds
Platform modules already initialized, skipping
Refreshing native plugins compatible for Editor in 0.49 ms, found 2 plugins.
Preloading 0 native plugins for Editor in 0.00 ms.
Unloading 1386 Unused Serialized files (Serialized files now loaded: 0)
System memory in use before: 69.1 MB.
System memory in use after: 69.2 MB.

Unloading 14 unused Assets to reduce memory usage. Loaded Objects now: 2010.
Total: 7.681400 ms (FindLiveObjects: 0.517000 ms CreateObjectMapping: 0.073900 ms MarkObjects: 6.987600 ms  DeleteObjects: 0.099900 ms)

========================================================================
Received Prepare
Refreshing native plugins compatible for Editor in 9.73 ms, found 2 plugins.
Preloading 0 native plugins for Editor in 0.00 ms.
Unloading 12 Unused Serialized files (Serialized files now loaded: 0)
System memory in use before: 41.5 MB.
System memory in use after: 41.5 MB.

Unloading 12 unused Assets to reduce memory usage. Loaded Objects now: 2010.
Total: 3.977200 ms (FindLiveObjects: 0.336500 ms CreateObjectMapping: 0.072100 ms MarkObjects: 3.473900 ms  DeleteObjects: 0.092500 ms)

========================================================================
Received Import Request.
  Time since last request: 241.739369 seconds.
  path: Assets/New Material.mat
  artifactKey: Guid(8035f201f64130e4f915080d285deb43) Importer(815301076,1909f56bfc062723c751e8b465ee728b)
Start importing Assets/New Material.mat using Guid(8035f201f64130e4f915080d285deb43) Importer(815301076,1909f56bfc062723c751e8b465ee728b)  -> (artifact id: '535226b3cae6d1686e9b1f01b7492e82') in 0.115759 seconds
  Import took 0.119381 seconds .

========================================================================
Received Import Request.
  Time since last request: 0.000328 seconds.
  path: Assets/test.asset
  artifactKey: Guid(66ba26579bad26e408e7beafc263b8d5) Importer(815301076,1909f56bfc062723c751e8b465ee728b)
Start importing Assets/test.asset using Guid(66ba26579bad26e408e7beafc263b8d5) Importer(815301076,1909f56bfc062723c751e8b465ee728b)  -> (artifact id: '0db95ef1b4c7b3177354077e065eb2d4') in 0.008164 seconds
  Import took 0.012089 seconds .

========================================================================
Received Import Request.
  Time since last request: 0.842908 seconds.
  path: Assets/New Material.mat
  artifactKey: Guid(8035f201f64130e4f915080d285deb43) Importer(815301076,1909f56bfc062723c751e8b465ee728b)
Start importing Assets/New Material.mat using Guid(8035f201f64130e4f915080d285deb43) Importer(815301076,1909f56bfc062723c751e8b465ee728b)  -> (artifact id: '535226b3cae6d1686e9b1f01b7492e82') in 0.030976 seconds
  Import took 0.035686 seconds .

========================================================================
Received Prepare
Registering precompiled user dll's ...
Registered in 0.007448 seconds.
Begin MonoManager ReloadAssembly
Native extension for WindowsStandalone target not found
Native extension for WebGL target not found
Refreshing native plugins compatible for Editor in 1.02 ms, found 2 plugins.
Preloading 0 native plugins for Editor in 0.00 ms.
Mono: successfully reloaded assembly
- Completed reload, in  1.836 seconds
Platform modules already initialized, skipping
Refreshing native plugins compatible for Editor in 0.50 ms, found 2 plugins.
Preloading 0 native plugins for Editor in 0.00 ms.
Unloading 1386 Unused Serialized files (Serialized files now loaded: 0)
System memory in use before: 69.1 MB.
System memory in use after: 69.2 MB.

Unloading 14 unused Assets to reduce memory usage. Loaded Objects now: 2014.
Total: 3.956700 ms (FindLiveObjects: 0.395600 ms CreateObjectMapping: 0.059700 ms MarkObjects: 3.416900 ms  DeleteObjects: 0.082100 ms)

========================================================================
Received Prepare
Registering precompiled user dll's ...
Registered in 0.007413 seconds.
Begin MonoManager ReloadAssembly
Native extension for WindowsStandalone target not found
Native extension for WebGL target not found
Refreshing native plugins compatible for Editor in 0.38 ms, found 2 plugins.
Preloading 0 native plugins for Editor in 0.00 ms.
Mono: successfully reloaded assembly
- Completed reload, in  1.488 seconds
Platform modules already initialized, skipping
Refreshing native plugins compatible for Editor in 0.36 ms, found 2 plugins.
Preloading 0 native plugins for Editor in 0.00 ms.
Unloading 1386 Unused Serialized files (Serialized files now loaded: 0)
System memory in use before: 69.1 MB.
System memory in use after: 69.2 MB.

Unloading 14 unused Assets to reduce memory usage. Loaded Objects now: 2017.
Total: 2.980300 ms (FindLiveObjects: 0.231200 ms CreateObjectMapping: 0.049600 ms MarkObjects: 2.614500 ms  DeleteObjects: 0.083300 ms)

========================================================================
Received Prepare
Registering precompiled user dll's ...
Registered in 0.007581 seconds.
Begin MonoManager ReloadAssembly
Native extension for WindowsStandalone target not found
Native extension for WebGL target not found
Refreshing native plugins compatible for Editor in 0.76 ms, found 2 plugins.
Preloading 0 native plugins for Editor in 0.00 ms.
Mono: successfully reloaded assembly
- Completed reload, in  1.863 seconds
Platform modules already initialized, skipping
Refreshing native plugins compatible for Editor in 0.61 ms, found 2 plugins.
Preloading 0 native plugins for Editor in 0.00 ms.
Unloading 1386 Unused Serialized files (Serialized files now loaded: 0)
System memory in use before: 69.1 MB.
System memory in use after: 69.2 MB.

Unloading 14 unused Assets to reduce memory usage. Loaded Objects now: 2020.
Total: 3.834300 ms (FindLiveObjects: 0.264600 ms CreateObjectMapping: 0.062700 ms MarkObjects: 3.407500 ms  DeleteObjects: 0.097700 ms)

========================================================================
Received Prepare
Registering precompiled user dll's ...
Registered in 0.009618 seconds.
Begin MonoManager ReloadAssembly
Native extension for WindowsStandalone target not found
Native extension for WebGL target not found
Refreshing native plugins compatible for Editor in 0.58 ms, found 2 plugins.
Preloading 0 native plugins for Editor in 0.00 ms.
Mono: successfully reloaded assembly
- Completed reload, in  1.968 seconds
Platform modules already initialized, skipping
Refreshing native plugins compatible for Editor in 0.46 ms, found 2 plugins.
Preloading 0 native plugins for Editor in 0.00 ms.
Unloading 1386 Unused Serialized files (Serialized files now loaded: 0)
System memory in use before: 69.1 MB.
System memory in use after: 69.2 MB.

Unloading 14 unused Assets to reduce memory usage. Loaded Objects now: 2023.
Total: 5.126700 ms (FindLiveObjects: 0.268600 ms CreateObjectMapping: 0.053000 ms MarkObjects: 4.711700 ms  DeleteObjects: 0.091400 ms)

========================================================================
Received Prepare
Registering precompiled user dll's ...
Registered in 0.008959 seconds.
Begin MonoManager ReloadAssembly
Native extension for WindowsStandalone target not found
Native extension for WebGL target not found
Refreshing native plugins compatible for Editor in 0.83 ms, found 2 plugins.
Preloading 0 native plugins for Editor in 0.00 ms.
Mono: successfully reloaded assembly
- Completed reload, in  2.152 seconds
Platform modules already initialized, skipping
Refreshing native plugins compatible for Editor in 0.42 ms, found 2 plugins.
Preloading 0 native plugins for Editor in 0.00 ms.
Unloading 1386 Unused Serialized files (Serialized files now loaded: 0)
System memory in use before: 69.1 MB.
System memory in use after: 69.2 MB.

Unloading 14 unused Assets to reduce memory usage. Loaded Objects now: 2026.
Total: 2.938900 ms (FindLiveObjects: 0.219700 ms CreateObjectMapping: 0.045600 ms MarkObjects: 2.593900 ms  DeleteObjects: 0.078200 ms)

========================================================================
Received Prepare
Registering precompiled user dll's ...
Registered in 0.013911 seconds.
Begin MonoManager ReloadAssembly
Native extension for WindowsStandalone target not found
Native extension for WebGL target not found
Refreshing native plugins compatible for Editor in 0.98 ms, found 2 plugins.
Preloading 0 native plugins for Editor in 0.00 ms.
Mono: successfully reloaded assembly
- Completed reload, in  3.055 seconds
Platform modules already initialized, skipping
Refreshing native plugins compatible for Editor in 0.49 ms, found 2 plugins.
Preloading 0 native plugins for Editor in 0.00 ms.
Unloading 1386 Unused Serialized files (Serialized files now loaded: 0)
System memory in use before: 69.1 MB.
System memory in use after: 69.2 MB.

Unloading 14 unused Assets to reduce memory usage. Loaded Objects now: 2029.
Total: 5.851700 ms (FindLiveObjects: 1.324300 ms CreateObjectMapping: 0.327800 ms MarkObjects: 4.026100 ms  DeleteObjects: 0.170200 ms)

========================================================================
Received Prepare
Registering precompiled user dll's ...
Registered in 0.010525 seconds.
Begin MonoManager ReloadAssembly
Native extension for WindowsStandalone target not found
Native extension for WebGL target not found
Refreshing native plugins compatible for Editor in 0.65 ms, found 2 plugins.
Preloading 0 native plugins for Editor in 0.00 ms.
Mono: successfully reloaded assembly
- Completed reload, in  2.504 seconds
Platform modules already initialized, skipping
Refreshing native plugins compatible for Editor in 0.61 ms, found 2 plugins.
Preloading 0 native plugins for Editor in 0.00 ms.
Unloading 1386 Unused Serialized files (Serialized files now loaded: 0)
System memory in use before: 69.1 MB.
System memory in use after: 69.2 MB.

Unloading 14 unused Assets to reduce memory usage. Loaded Objects now: 2032.
Total: 6.002100 ms (FindLiveObjects: 0.648000 ms CreateObjectMapping: 0.223400 ms MarkObjects: 5.037200 ms  DeleteObjects: 0.091000 ms)

========================================================================
Received Prepare
Registering precompiled user dll's ...
Registered in 0.011102 seconds.
Begin MonoManager ReloadAssembly
Native extension for WindowsStandalone target not found
Native extension for WebGL target not found
Refreshing native plugins compatible for Editor in 0.42 ms, found 2 plugins.
Preloading 0 native plugins for Editor in 0.00 ms.
Mono: successfully reloaded assembly
- Completed reload, in  1.648 seconds
Platform modules already initialized, skipping
Refreshing native plugins compatible for Editor in 0.39 ms, found 2 plugins.
Preloading 0 native plugins for Editor in 0.00 ms.
Unloading 1386 Unused Serialized files (Serialized files now loaded: 0)
System memory in use before: 69.1 MB.
System memory in use after: 69.2 MB.

Unloading 14 unused Assets to reduce memory usage. Loaded Objects now: 2035.
Total: 3.066700 ms (FindLiveObjects: 0.241000 ms CreateObjectMapping: 0.049600 ms MarkObjects: 2.678900 ms  DeleteObjects: 0.095400 ms)

========================================================================
Received Prepare
Registering precompiled user dll's ...
Registered in 0.011753 seconds.
Begin MonoManager ReloadAssembly
Native extension for WindowsStandalone target not found
Native extension for WebGL target not found
Refreshing native plugins compatible for Editor in 0.54 ms, found 2 plugins.
Preloading 0 native plugins for Editor in 0.00 ms.
Mono: successfully reloaded assembly
- Completed reload, in  2.434 seconds
Platform modules already initialized, skipping
Refreshing native plugins compatible for Editor in 1.14 ms, found 2 plugins.
Preloading 0 native plugins for Editor in 0.00 ms.
Unloading 1386 Unused Serialized files (Serialized files now loaded: 0)
System memory in use before: 69.1 MB.
System memory in use after: 69.2 MB.

Unloading 14 unused Assets to reduce memory usage. Loaded Objects now: 2038.
Total: 4.003700 ms (FindLiveObjects: 0.481500 ms CreateObjectMapping: 0.216700 ms MarkObjects: 3.202800 ms  DeleteObjects: 0.100700 ms)

========================================================================
Received Prepare
Registering precompiled user dll's ...
Registered in 0.008671 seconds.
Begin MonoManager ReloadAssembly
Native extension for WindowsStandalone target not found
Native extension for WebGL target not found
Refreshing native plugins compatible for Editor in 0.40 ms, found 2 plugins.
Preloading 0 native plugins for Editor in 0.00 ms.
Mono: successfully reloaded assembly
- Completed reload, in  1.641 seconds
Platform modules already initialized, skipping
Refreshing native plugins compatible for Editor in 0.48 ms, found 2 plugins.
Preloading 0 native plugins for Editor in 0.00 ms.
Unloading 1386 Unused Serialized files (Serialized files now loaded: 0)
System memory in use before: 69.1 MB.
System memory in use after: 69.2 MB.

Unloading 14 unused Assets to reduce memory usage. Loaded Objects now: 2041.
Total: 3.014100 ms (FindLiveObjects: 0.254800 ms CreateObjectMapping: 0.051400 ms MarkObjects: 2.602700 ms  DeleteObjects: 0.103300 ms)

========================================================================
Received Prepare
Registering precompiled user dll's ...
Registered in 0.010212 seconds.
Begin MonoManager ReloadAssembly
Native extension for WindowsStandalone target not found
Native extension for WebGL target not found
Refreshing native plugins compatible for Editor in 0.63 ms, found 2 plugins.
Preloading 0 native plugins for Editor in 0.00 ms.
Mono: successfully reloaded assembly
- Completed reload, in  1.931 seconds
Platform modules already initialized, skipping
Refreshing native plugins compatible for Editor in 0.48 ms, found 2 plugins.
Preloading 0 native plugins for Editor in 0.00 ms.
Unloading 1386 Unused Serialized files (Serialized files now loaded: 0)
System memory in use before: 69.2 MB.
System memory in use after: 69.2 MB.

Unloading 14 unused Assets to reduce memory usage. Loaded Objects now: 2044.
Total: 4.511900 ms (FindLiveObjects: 0.416500 ms CreateObjectMapping: 0.069500 ms MarkObjects: 3.914300 ms  DeleteObjects: 0.106800 ms)

========================================================================
Received Prepare
Registering precompiled user dll's ...
Registered in 0.008030 seconds.
Begin MonoManager ReloadAssembly
Native extension for WindowsStandalone target not found
Native extension for WebGL target not found
Refreshing native plugins compatible for Editor in 0.63 ms, found 2 plugins.
Preloading 0 native plugins for Editor in 0.00 ms.
Mono: successfully reloaded assembly
- Completed reload, in  1.735 seconds
Platform modules already initialized, skipping
Refreshing native plugins compatible for Editor in 0.37 ms, found 2 plugins.
Preloading 0 native plugins for Editor in 0.00 ms.
Unloading 1386 Unused Serialized files (Serialized files now loaded: 0)
System memory in use before: 69.2 MB.
System memory in use after: 69.2 MB.

Unloading 14 unused Assets to reduce memory usage. Loaded Objects now: 2047.
Total: 3.059000 ms (FindLiveObjects: 0.220700 ms CreateObjectMapping: 0.044300 ms MarkObjects: 2.711000 ms  DeleteObjects: 0.081000 ms)

========================================================================
Received Prepare
Registering precompiled user dll's ...
Registered in 0.010490 seconds.
Begin MonoManager ReloadAssembly
Native extension for WindowsStandalone target not found
Native extension for WebGL target not found
Refreshing native plugins compatible for Editor in 0.45 ms, found 2 plugins.
Preloading 0 native plugins for Editor in 0.00 ms.
Mono: successfully reloaded assembly
- Completed reload, in  1.764 seconds
Platform modules already initialized, skipping
Refreshing native plugins compatible for Editor in 0.38 ms, found 2 plugins.
Preloading 0 native plugins for Editor in 0.00 ms.
Unloading 1386 Unused Serialized files (Serialized files now loaded: 0)
System memory in use before: 69.2 MB.
System memory in use after: 69.2 MB.

Unloading 14 unused Assets to reduce memory usage. Loaded Objects now: 2050.
Total: 2.486200 ms (FindLiveObjects: 0.210000 ms CreateObjectMapping: 0.040700 ms MarkObjects: 2.164600 ms  DeleteObjects: 0.069400 ms)

========================================================================
Received Prepare
Registering precompiled user dll's ...
Registered in 0.019847 seconds.
Begin MonoManager ReloadAssembly
Native extension for WindowsStandalone target not found
Native extension for WebGL target not found
Refreshing native plugins compatible for Editor in 0.42 ms, found 2 plugins.
Preloading 0 native plugins for Editor in 0.00 ms.
Mono: successfully reloaded assembly
- Completed reload, in  1.770 seconds
Platform modules already initialized, skipping
Refreshing native plugins compatible for Editor in 0.57 ms, found 2 plugins.
Preloading 0 native plugins for Editor in 0.00 ms.
Unloading 1386 Unused Serialized files (Serialized files now loaded: 0)
System memory in use before: 69.2 MB.
System memory in use after: 69.3 MB.

Unloading 14 unused Assets to reduce memory usage. Loaded Objects now: 2053.
Total: 3.799000 ms (FindLiveObjects: 0.283100 ms CreateObjectMapping: 0.070100 ms MarkObjects: 3.352900 ms  DeleteObjects: 0.091200 ms)

========================================================================
Received Prepare
Registering precompiled user dll's ...
Registered in 0.007344 seconds.
Begin MonoManager ReloadAssembly
Native extension for WindowsStandalone target not found
Native extension for WebGL target not found
Refreshing native plugins compatible for Editor in 0.40 ms, found 2 plugins.
Preloading 0 native plugins for Editor in 0.00 ms.
Mono: successfully reloaded assembly
- Completed reload, in  1.779 seconds
Platform modules already initialized, skipping
Refreshing native plugins compatible for Editor in 0.57 ms, found 2 plugins.
Preloading 0 native plugins for Editor in 0.00 ms.
Unloading 1386 Unused Serialized files (Serialized files now loaded: 0)
System memory in use before: 69.2 MB.
System memory in use after: 69.3 MB.

Unloading 14 unused Assets to reduce memory usage. Loaded Objects now: 2056.
Total: 2.997400 ms (FindLiveObjects: 0.231500 ms CreateObjectMapping: 0.048300 ms MarkObjects: 2.636800 ms  DeleteObjects: 0.078800 ms)

========================================================================
Received Prepare
Registering precompiled user dll's ...
Registered in 0.006469 seconds.
Begin MonoManager ReloadAssembly
Native extension for WindowsStandalone target not found
Native extension for WebGL target not found
Refreshing native plugins compatible for Editor in 0.38 ms, found 2 plugins.
Preloading 0 native plugins for Editor in 0.00 ms.
Mono: successfully reloaded assembly
- Completed reload, in  2.223 seconds
Platform modules already initialized, skipping
Refreshing native plugins compatible for Editor in 0.77 ms, found 2 plugins.
Preloading 0 native plugins for Editor in 0.00 ms.
Unloading 1386 Unused Serialized files (Serialized files now loaded: 0)
System memory in use before: 69.2 MB.
System memory in use after: 69.3 MB.

Unloading 14 unused Assets to reduce memory usage. Loaded Objects now: 2059.
Total: 4.906200 ms (FindLiveObjects: 0.351700 ms CreateObjectMapping: 0.060400 ms MarkObjects: 4.405100 ms  DeleteObjects: 0.087500 ms)

========================================================================
Received Prepare
Registering precompiled user dll's ...
Registered in 0.020074 seconds.
Begin MonoManager ReloadAssembly
Native extension for WindowsStandalone target not found
Native extension for WebGL target not found
Refreshing native plugins compatible for Editor in 0.40 ms, found 2 plugins.
Preloading 0 native plugins for Editor in 0.00 ms.
Mono: successfully reloaded assembly
- Completed reload, in  2.202 seconds
Platform modules already initialized, skipping
Refreshing native plugins compatible for Editor in 0.40 ms, found 2 plugins.
Preloading 0 native plugins for Editor in 0.00 ms.
Unloading 1386 Unused Serialized files (Serialized files now loaded: 0)
System memory in use before: 69.2 MB.
System memory in use after: 69.3 MB.

Unloading 14 unused Assets to reduce memory usage. Loaded Objects now: 2062.
Total: 2.934600 ms (FindLiveObjects: 0.333100 ms CreateObjectMapping: 0.067900 ms MarkObjects: 2.449300 ms  DeleteObjects: 0.082900 ms)

========================================================================
Received Prepare
Registering precompiled user dll's ...
Registered in 0.011098 seconds.
Begin MonoManager ReloadAssembly
Native extension for WindowsStandalone target not found
Native extension for WebGL target not found
Refreshing native plugins compatible for Editor in 0.38 ms, found 2 plugins.
Preloading 0 native plugins for Editor in 0.00 ms.
Mono: successfully reloaded assembly
- Completed reload, in  1.413 seconds
Platform modules already initialized, skipping
Refreshing native plugins compatible for Editor in 0.51 ms, found 2 plugins.
Preloading 0 native plugins for Editor in 0.00 ms.
Unloading 1386 Unused Serialized files (Serialized files now loaded: 0)
System memory in use before: 69.2 MB.
System memory in use after: 69.3 MB.

Unloading 14 unused Assets to reduce memory usage. Loaded Objects now: 2065.
Total: 2.478500 ms (FindLiveObjects: 0.222000 ms CreateObjectMapping: 0.045500 ms MarkObjects: 2.137200 ms  DeleteObjects: 0.072500 ms)

========================================================================
Received Prepare
Registering precompiled user dll's ...
Registered in 0.015224 seconds.
Begin MonoManager ReloadAssembly
Native extension for WindowsStandalone target not found
Native extension for WebGL target not found
Refreshing native plugins compatible for Editor in 0.61 ms, found 2 plugins.
Preloading 0 native plugins for Editor in 0.00 ms.
Mono: successfully reloaded assembly
- Completed reload, in  2.370 seconds
Platform modules already initialized, skipping
Refreshing native plugins compatible for Editor in 0.48 ms, found 2 plugins.
Preloading 0 native plugins for Editor in 0.00 ms.
Unloading 1386 Unused Serialized files (Serialized files now loaded: 0)
System memory in use before: 69.2 MB.
System memory in use after: 69.3 MB.

Unloading 14 unused Assets to reduce memory usage. Loaded Objects now: 2068.
Total: 7.026500 ms (FindLiveObjects: 2.906600 ms CreateObjectMapping: 0.099500 ms MarkObjects: 3.930700 ms  DeleteObjects: 0.086700 ms)

========================================================================
Received Prepare
Registering precompiled user dll's ...
Registered in 0.020163 seconds.
Begin MonoManager ReloadAssembly
Native extension for WindowsStandalone target not found
Native extension for WebGL target not found
Refreshing native plugins compatible for Editor in 0.61 ms, found 2 plugins.
Preloading 0 native plugins for Editor in 0.00 ms.
Mono: successfully reloaded assembly
- Completed reload, in  3.113 seconds
Platform modules already initialized, skipping
Refreshing native plugins compatible for Editor in 0.68 ms, found 2 plugins.
Preloading 0 native plugins for Editor in 0.00 ms.
Unloading 1386 Unused Serialized files (Serialized files now loaded: 0)
System memory in use before: 69.2 MB.
System memory in use after: 69.3 MB.

Unloading 14 unused Assets to reduce memory usage. Loaded Objects now: 2071.
Total: 6.051500 ms (FindLiveObjects: 0.369900 ms CreateObjectMapping: 0.085300 ms MarkObjects: 5.480900 ms  DeleteObjects: 0.112900 ms)

========================================================================
Received Import Request.
  Time since last request: 1853.931495 seconds.
  path: Assets/test.asset
  artifactKey: Guid(66ba26579bad26e408e7beafc263b8d5) Importer(815301076,1909f56bfc062723c751e8b465ee728b)
Start importing Assets/test.asset using Guid(66ba26579bad26e408e7beafc263b8d5) Importer(815301076,1909f56bfc062723c751e8b465ee728b)  -> (artifact id: '451ede8d9f00b8a56983d986a6a8c3d1') in 0.036450 seconds
  Import took 0.041689 seconds .

AssetImportWorkerClient::OnTransportError - code=2 error=End of file
